TN:
SF:scripts/config.ts
FNF:0
FNH:0
DA:262,0
DA:433,0
LF:2
LH:0
BRF:0
BRH:0
end_of_record
TN:
SF:scripts/main.ts
FN:19,(anonymous_0)
FN:31,showErrorUI
FN:48,(anonymous_2)
FN:58,(anonymous_3)
FN:71,checkBrowserCompatibility
FN:97,initializeGame
FN:99,(anonymous_6)
FN:142,setupEventListeners
FN:144,(anonymous_8)
FN:148,(anonymous_9)
FN:152,(anonymous_10)
FN:157,(anonymous_11)
FN:161,(anonymous_12)
FN:165,(anonymous_13)
FN:170,(anonymous_14)
FN:175,(anonymous_15)
FNF:16
FNH:0
FNDA:0,(anonymous_0)
FNDA:0,showErrorUI
FNDA:0,(anonymous_2)
FNDA:0,(anonymous_3)
FNDA:0,checkBrowserCompatibility
FNDA:0,initializeGame
FNDA:0,(anonymous_6)
FNDA:0,setupEventListeners
FNDA:0,(anonymous_8)
FNDA:0,(anonymous_9)
FNDA:0,(anonymous_10)
FNDA:0,(anonymous_11)
FNDA:0,(anonymous_12)
FNDA:0,(anonymous_13)
FNDA:0,(anonymous_14)
FNDA:0,(anonymous_15)
DA:1,0
DA:2,0
DA:3,0
DA:4,0
DA:5,0
DA:6,0
DA:9,0
DA:12,0
DA:13,0
DA:15,0
DA:19,0
DA:22,0
DA:23,0
DA:32,0
DA:33,0
DA:34,0
DA:43,0
DA:46,0
DA:47,0
DA:48,0
DA:49,0
DA:58,0
DA:59,0
DA:62,0
DA:65,0
DA:73,0
DA:74,0
DA:77,0
DA:78,0
DA:79,0
DA:80,0
DA:84,0
DA:91,0
DA:98,0
DA:101,0
DA:103,0
DA:104,0
DA:108,0
DA:111,0
DA:114,0
DA:117,0
DA:118,0
DA:121,0
DA:144,0
DA:145,0
DA:148,0
DA:149,0
DA:152,0
DA:153,0
DA:157,0
DA:158,0
DA:161,0
DA:162,0
DA:165,0
DA:166,0
DA:170,0
DA:171,0
DA:175,0
DA:176,0
LF:59
LH:0
BRDA:12,0,0,0
BRDA:12,0,1,0
BRDA:22,1,0,0
BRDA:47,2,0,0
BRDA:73,3,0,0
BRDA:103,4,0,0
BRDA:117,5,0,0
BRF:7
BRH:0
end_of_record
TN:
SF:scripts/abilities/ability-base.ts
FN:109,(anonymous_0)
FN:137,(anonymous_1)
FN:172,(anonymous_2)
FN:191,(anonymous_3)
FN:204,(anonymous_4)
FN:229,(anonymous_5)
FN:252,(anonymous_6)
FN:261,(anonymous_7)
FN:275,(anonymous_8)
FN:296,(anonymous_9)
FN:308,(anonymous_10)
FN:330,(anonymous_11)
FN:353,(anonymous_12)
FNF:13
FNH:0
FNDA:0,(anonymous_0)
FNDA:0,(anonymous_1)
FNDA:0,(anonymous_2)
FNDA:0,(anonymous_3)
FNDA:0,(anonymous_4)
FNDA:0,(anonymous_5)
FNDA:0,(anonymous_6)
FNDA:0,(anonymous_7)
FNDA:0,(anonymous_8)
FNDA:0,(anonymous_9)
FNDA:0,(anonymous_10)
FNDA:0,(anonymous_11)
FNDA:0,(anonymous_12)
DA:1,0
DA:27,0
DA:110,0
DA:111,0
DA:112,0
DA:113,0
DA:114,0
DA:115,0
DA:116,0
DA:117,0
DA:118,0
DA:119,0
DA:120,0
DA:121,0
DA:122,0
DA:123,0
DA:139,0
DA:140,0
DA:143,0
DA:144,0
DA:145,0
DA:146,0
DA:148,0
DA:151,0
DA:152,0
DA:155,0
DA:173,0
DA:174,0
DA:178,0
DA:179,0
DA:182,0
DA:184,0
DA:192,0
DA:195,0
DA:196,0
DA:197,0
DA:205,0
DA:206,0
DA:209,0
DA:210,0
DA:214,0
DA:216,0
DA:230,0
DA:231,0
DA:232,0
DA:236,0
DA:237,0
DA:238,0
DA:241,0
DA:249,0
DA:252,0
DA:255,0
DA:262,0
DA:263,0
DA:266,0
DA:267,0
DA:268,0
DA:277,0
DA:278,0
DA:282,0
DA:283,0
DA:284,0
DA:297,0
DA:309,0
DA:310,0
DA:313,0
DA:314,0
DA:317,0
DA:319,0
DA:331,0
DA:332,0
DA:335,0
DA:336,0
DA:339,0
DA:341,0
DA:359,0
LF:76
LH:0
BRDA:111,0,0,0
BRDA:111,0,1,0
BRDA:112,1,0,0
BRDA:112,1,1,0
BRDA:113,2,0,0
BRDA:113,2,1,0
BRDA:114,3,0,0
BRDA:114,3,1,0
BRDA:115,4,0,0
BRDA:115,4,1,0
BRDA:117,5,0,0
BRDA:117,5,1,0
BRDA:118,6,0,0
BRDA:118,6,1,0
BRDA:119,7,0,0
BRDA:119,7,1,0
BRDA:139,8,0,0
BRDA:148,9,0,0
BRDA:148,9,1,0
BRDA:148,9,2,0
BRDA:148,9,3,0
BRDA:151,10,0,0
BRDA:151,11,0,0
BRDA:151,11,1,0
BRDA:173,12,0,0
BRDA:195,13,0,0
BRDA:195,14,0,0
BRDA:195,14,1,0
BRDA:205,15,0,0
BRDA:231,16,0,0
BRDA:262,17,0,0
BRDA:267,18,0,0
BRDA:277,19,0,0
BRDA:282,20,0,0
BRDA:282,21,0,0
BRDA:282,21,1,0
BRDA:309,22,0,0
BRDA:331,23,0,0
BRDA:353,24,0,0
BRF:39
BRH:0
end_of_record
TN:
SF:scripts/abilities/ability-manager.ts
FN:25,(anonymous_1)
FN:38,(anonymous_2)
FN:68,(anonymous_3)
FN:104,(anonymous_4)
FN:124,(anonymous_5)
FN:133,(anonymous_6)
FN:150,(anonymous_7)
FN:192,(anonymous_8)
FN:216,(anonymous_9)
FN:236,(anonymous_10)
FN:253,(anonymous_11)
FN:265,(anonymous_12)
FNF:12
FNH:0
FNDA:0,(anonymous_1)
FNDA:0,(anonymous_2)
FNDA:0,(anonymous_3)
FNDA:0,(anonymous_4)
FNDA:0,(anonymous_5)
FNDA:0,(anonymous_6)
FNDA:0,(anonymous_7)
FNDA:0,(anonymous_8)
FNDA:0,(anonymous_9)
FNDA:0,(anonymous_10)
FNDA:0,(anonymous_11)
FNDA:0,(anonymous_12)
DA:1,0
DA:3,0
DA:4,0
DA:5,0
DA:6,0
DA:7,0
DA:10,0
DA:16,0
DA:19,0
DA:26,0
DA:27,0
DA:30,0
DA:32,0
DA:40,0
DA:44,0
DA:48,0
DA:54,0
DA:58,0
DA:69,0
DA:70,0
DA:73,0
DA:74,0
DA:75,0
DA:77,0
DA:80,0
DA:81,0
DA:82,0
DA:83,0
DA:84,0
DA:85,0
DA:88,0
DA:89,0
DA:92,0
DA:94,0
DA:98,0
DA:106,0
DA:109,0
DA:112,0
DA:125,0
DA:135,0
DA:136,0
DA:140,0
DA:141,0
DA:142,0
DA:151,0
DA:152,0
DA:155,0
DA:158,0
DA:161,0
DA:166,0
DA:167,0
DA:168,0
DA:170,0
DA:174,0
DA:179,0
DA:180,0
DA:181,0
DA:183,0
DA:193,0
DA:194,0
DA:195,0
DA:199,0
DA:202,0
DA:203,0
DA:204,0
DA:205,0
DA:208,0
DA:217,0
DA:218,0
DA:219,0
DA:222,0
DA:224,0
DA:225,0
DA:226,0
DA:227,0
DA:229,0
DA:237,0
DA:238,0
DA:239,0
DA:240,0
DA:242,0
DA:245,0
DA:254,0
DA:256,0
DA:258,0
DA:267,0
DA:268,0
DA:269,0
DA:270,0
DA:272,0
DA:278,0
DA:279,0
DA:283,0
DA:284,0
DA:285,0
DA:286,0
DA:290,0
LF:97
LH:0
BRDA:74,0,0,0
BRDA:74,0,1,0
BRDA:80,1,0,0
BRDA:80,1,1,0
BRDA:80,1,2,0
BRDA:80,1,3,0
BRDA:80,1,4,0
BRDA:88,2,0,0
BRDA:88,2,1,0
BRDA:133,3,0,0
BRDA:141,4,0,0
BRDA:161,5,0,0
BRDA:162,6,0,0
BRDA:162,6,1,0
BRDA:162,6,2,0
BRDA:167,7,0,0
BRDA:174,8,0,0
BRDA:175,9,0,0
BRDA:175,9,1,0
BRDA:175,9,2,0
BRDA:180,10,0,0
BRDA:194,11,0,0
BRDA:194,12,0,0
BRDA:194,12,1,0
BRDA:202,13,0,0
BRDA:202,13,1,0
BRDA:204,14,0,0
BRDA:218,15,0,0
BRDA:218,16,0,0
BRDA:218,16,1,0
BRDA:218,16,2,0
BRDA:224,17,0,0
BRDA:240,18,0,0
BRDA:240,18,1,0
BRDA:268,19,0,0
BRDA:269,20,0,0
BRDA:269,20,1,0
BRF:37
BRH:0
end_of_record
TN:
SF:scripts/abilities/bat-swarm.ts
FN:33,(anonymous_1)
FN:54,(anonymous_2)
FN:78,(anonymous_3)
FN:107,(anonymous_4)
FN:190,(anonymous_5)
FN:201,(anonymous_6)
FN:214,(anonymous_7)
FN:228,(anonymous_8)
FN:236,(anonymous_9)
FN:245,(anonymous_10)
FNF:10
FNH:0
FNDA:0,(anonymous_1)
FNDA:0,(anonymous_2)
FNDA:0,(anonymous_3)
FNDA:0,(anonymous_4)
FNDA:0,(anonymous_5)
FNDA:0,(anonymous_6)
FNDA:0,(anonymous_7)
FNDA:0,(anonymous_8)
FNDA:0,(anonymous_9)
FNDA:0,(anonymous_10)
DA:1,0
DA:4,0
DA:21,0
DA:34,0
DA:44,0
DA:45,0
DA:46,0
DA:47,0
DA:55,0
DA:56,0
DA:60,0
DA:63,0
DA:64,0
DA:66,0
DA:67,0
DA:68,0
DA:71,0
DA:80,0
DA:81,0
DA:82,0
DA:83,0
DA:84,0
DA:87,0
DA:90,0
DA:99,0
DA:108,0
DA:110,0
DA:111,0
DA:114,0
DA:115,0
DA:118,0
DA:119,0
DA:122,0
DA:123,0
DA:126,0
DA:127,0
DA:128,0
DA:132,0
DA:133,0
DA:135,0
DA:136,0
DA:138,0
DA:140,0
DA:141,0
DA:150,0
DA:153,0
DA:156,0
DA:157,0
DA:158,0
DA:159,0
DA:160,0
DA:163,0
DA:166,0
DA:167,0
DA:172,0
DA:173,0
DA:174,0
DA:178,0
DA:179,0
DA:192,0
DA:202,0
DA:215,0
DA:217,0
DA:218,0
DA:221,0
DA:229,0
DA:239,0
DA:246,0
DA:249,0
DA:250,0
DA:251,0
DA:255,0
DA:259,0
LF:73
LH:0
BRDA:55,0,0,0
BRDA:107,1,0,0
BRDA:108,2,0,0
BRDA:126,3,0,0
BRDA:132,4,0,0
BRDA:132,5,0,0
BRDA:132,5,1,0
BRDA:138,6,0,0
BRDA:140,7,0,0
BRDA:140,8,0,0
BRDA:140,8,1,0
BRDA:156,9,0,0
BRDA:157,10,0,0
BRDA:157,10,1,0
BRDA:159,11,0,0
BRDA:159,12,0,0
BRDA:159,12,1,0
BRDA:166,13,0,0
BRDA:178,14,0,0
BRDA:192,15,0,0
BRDA:192,15,1,0
BRDA:192,15,2,0
BRDA:192,15,3,0
BRDA:203,16,0,0
BRDA:203,16,1,0
BRDA:203,16,2,0
BRDA:203,16,3,0
BRDA:217,17,0,0
BRDA:217,18,0,0
BRDA:217,18,1,0
BRDA:250,19,0,0
BRDA:250,20,0,0
BRDA:250,20,1,0
BRF:33
BRH:0
end_of_record
TN:
SF:scripts/abilities/blood-drain.ts
FN:25,(anonymous_6)
FN:49,(anonymous_7)
FN:68,(anonymous_8)
FN:88,(anonymous_9)
FN:98,(anonymous_10)
FN:117,(anonymous_11)
FN:127,(anonymous_12)
FN:138,(anonymous_13)
FN:188,(anonymous_14)
FN:208,(anonymous_15)
FN:279,(anonymous_16)
FN:287,(anonymous_17)
FN:295,(anonymous_18)
FN:303,(anonymous_19)
FNF:14
FNH:0
FNDA:0,(anonymous_6)
FNDA:0,(anonymous_7)
FNDA:0,(anonymous_8)
FNDA:0,(anonymous_9)
FNDA:0,(anonymous_10)
FNDA:0,(anonymous_11)
FNDA:0,(anonymous_12)
FNDA:0,(anonymous_13)
FNDA:0,(anonymous_14)
FNDA:0,(anonymous_15)
FNDA:0,(anonymous_16)
FNDA:0,(anonymous_17)
FNDA:0,(anonymous_18)
FNDA:0,(anonymous_19)
DA:1,0
DA:2,0
DA:6,0
DA:11,0
DA:26,0
DA:37,0
DA:38,0
DA:39,0
DA:40,0
DA:41,0
DA:42,0
DA:51,0
DA:52,0
DA:53,0
DA:57,0
DA:58,0
DA:61,0
DA:62,0
DA:69,0
DA:70,0
DA:71,0
DA:74,0
DA:75,0
DA:77,0
DA:78,0
DA:79,0
DA:80,0
DA:82,0
DA:85,0
DA:88,0
DA:89,0
DA:90,0
DA:99,0
DA:102,0
DA:103,0
DA:104,0
DA:108,0
DA:109,0
DA:110,0
DA:113,0
DA:116,0
DA:117,0
DA:118,0
DA:119,0
DA:129,0
DA:130,0
DA:139,0
DA:140,0
DA:144,0
DA:145,0
DA:146,0
DA:148,0
DA:153,0
DA:155,0
DA:156,0
DA:160,0
DA:163,0
DA:168,0
DA:173,0
DA:174,0
DA:178,0
DA:179,0
DA:189,0
DA:190,0
DA:191,0
DA:193,0
DA:194,0
DA:195,0
DA:197,0
DA:198,0
DA:201,0
DA:203,0
DA:204,0
DA:206,0
DA:208,0
DA:210,0
DA:211,0
DA:212,0
DA:214,0
DA:216,0
DA:221,0
DA:224,0
DA:225,0
DA:226,0
DA:228,0
DA:232,0
DA:235,0
DA:238,0
DA:242,0
DA:243,0
DA:248,0
DA:249,0
DA:250,0
DA:256,0
DA:263,0
DA:270,0
DA:271,0
DA:280,0
DA:288,0
DA:296,0
DA:304,0
DA:305,0
DA:309,0
DA:310,0
DA:311,0
DA:312,0
DA:313,0
DA:315,0
DA:319,0
DA:323,0
LF:110
LH:0
BRDA:51,0,0,0
BRDA:57,1,0,0
BRDA:89,2,0,0
BRDA:102,3,0,0
BRDA:102,4,0,0
BRDA:102,4,1,0
BRDA:109,5,0,0
BRDA:109,6,0,0
BRDA:109,6,1,0
BRDA:118,7,0,0
BRDA:138,8,0,0
BRDA:139,9,0,0
BRDA:144,10,0,0
BRDA:153,11,0,0
BRDA:155,12,0,0
BRDA:155,12,1,0
BRDA:155,13,0,0
BRDA:155,13,1,0
BRDA:173,14,0,0
BRDA:178,15,0,0
BRDA:206,16,0,0
BRDA:210,17,0,0
BRDA:211,18,0,0
BRDA:211,18,1,0
BRDA:211,19,0,0
BRDA:211,19,1,0
BRDA:224,20,0,0
BRDA:224,20,1,0
BRDA:225,21,0,0
BRDA:225,22,0,0
BRDA:225,22,1,0
BRDA:232,23,0,0
BRDA:232,23,1,0
BRDA:232,24,0,0
BRDA:232,24,1,0
BRDA:242,25,0,0
BRDA:248,26,0,0
BRDA:248,27,0,0
BRDA:248,27,1,0
BRDA:249,28,0,0
BRDA:249,28,1,0
BRDA:249,29,0,0
BRDA:249,29,1,0
BRDA:270,30,0,0
BRDA:304,31,0,0
BRDA:309,32,0,0
BRDA:309,33,0,0
BRDA:309,33,1,0
BRF:48
BRH:0
end_of_record
TN:
SF:scripts/abilities/blood-lance.ts
FN:40,(anonymous_0)
FN:63,(anonymous_1)
FN:86,(anonymous_2)
FN:114,(anonymous_3)
FN:148,(anonymous_4)
FN:178,(anonymous_5)
FN:186,(anonymous_6)
FN:194,(anonymous_7)
FN:202,(anonymous_8)
FNF:9
FNH:0
FNDA:0,(anonymous_0)
FNDA:0,(anonymous_1)
FNDA:0,(anonymous_2)
FNDA:0,(anonymous_3)
FNDA:0,(anonymous_4)
FNDA:0,(anonymous_5)
FNDA:0,(anonymous_6)
FNDA:0,(anonymous_7)
FNDA:0,(anonymous_8)
DA:1,0
DA:28,0
DA:41,0
DA:53,0
DA:54,0
DA:55,0
DA:56,0
DA:64,0
DA:65,0
DA:69,0
DA:72,0
DA:79,0
DA:90,0
DA:92,0
DA:93,0
DA:94,0
DA:97,0
DA:98,0
DA:102,0
DA:107,0
DA:116,0
DA:121,0
DA:124,0
DA:125,0
DA:126,0
DA:128,0
DA:130,0
DA:132,0
DA:133,0
DA:135,0
DA:136,0
DA:137,0
DA:141,0
DA:150,0
DA:152,0
DA:156,0
DA:157,0
DA:170,0
DA:179,0
DA:187,0
DA:195,0
DA:203,0
DA:206,0
DA:210,0
LF:44
LH:0
BRDA:64,0,0,0
BRDA:64,1,0,0
BRDA:64,1,1,0
BRDA:92,2,0,0
BRDA:92,2,1,0
BRDA:116,3,0,0
BRDA:117,4,0,0
BRDA:117,4,1,0
BRDA:117,4,2,0
BRDA:135,5,0,0
BRDA:152,6,0,0
BRDA:152,7,0,0
BRDA:152,7,1,0
BRDA:152,7,2,0
BRDA:156,8,0,0
BRDA:156,8,1,0
BRDA:156,9,0,0
BRDA:156,9,1,0
BRF:18
BRH:0
end_of_record
TN:
SF:scripts/abilities/night-shield.ts
FN:27,(anonymous_0)
FN:56,(anonymous_1)
FN:71,(anonymous_2)
FN:81,(anonymous_3)
FN:113,(anonymous_4)
FN:137,(anonymous_5)
FN:152,(anonymous_6)
FN:177,(anonymous_7)
FN:191,(anonymous_8)
FN:215,(anonymous_9)
FN:261,(anonymous_10)
FN:278,(anonymous_11)
FN:292,(anonymous_12)
FN:302,(anonymous_13)
FN:304,(anonymous_14)
FN:315,(anonymous_15)
FN:332,(anonymous_16)
FN:340,(anonymous_17)
FN:347,(anonymous_18)
FN:364,(anonymous_19)
FNF:20
FNH:0
FNDA:0,(anonymous_0)
FNDA:0,(anonymous_1)
FNDA:0,(anonymous_2)
FNDA:0,(anonymous_3)
FNDA:0,(anonymous_4)
FNDA:0,(anonymous_5)
FNDA:0,(anonymous_6)
FNDA:0,(anonymous_7)
FNDA:0,(anonymous_8)
FNDA:0,(anonymous_9)
FNDA:0,(anonymous_10)
FNDA:0,(anonymous_11)
FNDA:0,(anonymous_12)
FNDA:0,(anonymous_13)
FNDA:0,(anonymous_14)
FNDA:0,(anonymous_15)
FNDA:0,(anonymous_16)
FNDA:0,(anonymous_17)
FNDA:0,(anonymous_18)
FNDA:0,(anonymous_19)
DA:1,0
DA:9,0
DA:28,0
DA:40,0
DA:41,0
DA:42,0
DA:43,0
DA:44,0
DA:45,0
DA:46,0
DA:47,0
DA:48,0
DA:49,0
DA:57,0
DA:58,0
DA:61,0
DA:62,0
DA:65,0
DA:68,0
DA:71,0
DA:72,0
DA:75,0
DA:83,0
DA:84,0
DA:86,0
DA:87,0
DA:88,0
DA:89,0
DA:91,0
DA:95,0
DA:96,0
DA:98,0
DA:99,0
DA:101,0
DA:102,0
DA:105,0
DA:114,0
DA:115,0
DA:119,0
DA:120,0
DA:122,0
DA:126,0
DA:129,0
DA:130,0
DA:138,0
DA:139,0
DA:142,0
DA:143,0
DA:144,0
DA:153,0
DA:154,0
DA:158,0
DA:161,0
DA:164,0
DA:167,0
DA:168,0
DA:171,0
DA:179,0
DA:180,0
DA:192,0
DA:193,0
DA:197,0
DA:198,0
DA:199,0
DA:203,0
DA:206,0
DA:209,0
DA:217,0
DA:218,0
DA:221,0
DA:222,0
DA:223,0
DA:225,0
DA:226,0
DA:230,0
DA:232,0
DA:233,0
DA:235,0
DA:237,0
DA:238,0
DA:246,0
DA:248,0
DA:249,0
DA:252,0
DA:263,0
DA:264,0
DA:271,0
DA:279,0
DA:280,0
DA:281,0
DA:282,0
DA:283,0
DA:284,0
DA:285,0
DA:286,0
DA:287,0
DA:289,0
DA:292,0
DA:293,0
DA:294,0
DA:295,0
DA:297,0
DA:299,0
DA:302,0
DA:303,0
DA:304,0
DA:305,0
DA:306,0
DA:316,0
DA:319,0
DA:320,0
DA:323,0
DA:324,0
DA:325,0
DA:333,0
DA:341,0
DA:348,0
DA:351,0
DA:352,0
DA:353,0
DA:357,0
DA:365,0
DA:370,0
DA:374,0
LF:124
LH:0
BRDA:57,0,0,0
BRDA:57,1,0,0
BRDA:57,1,1,0
BRDA:57,1,2,0
BRDA:113,2,0,0
BRDA:114,3,0,0
BRDA:114,4,0,0
BRDA:114,4,1,0
BRDA:129,5,0,0
BRDA:138,6,0,0
BRDA:153,7,0,0
BRDA:153,8,0,0
BRDA:153,8,1,0
BRDA:167,9,0,0
BRDA:179,10,0,0
BRDA:179,11,0,0
BRDA:179,11,1,0
BRDA:192,12,0,0
BRDA:197,13,0,0
BRDA:217,14,0,0
BRDA:217,15,0,0
BRDA:217,15,1,0
BRDA:235,16,0,0
BRDA:237,17,0,0
BRDA:246,18,0,0
BRDA:263,19,0,0
BRDA:263,19,1,0
BRDA:263,20,0,0
BRDA:263,20,1,0
BRDA:305,21,0,0
BRDA:319,22,0,0
BRDA:319,23,0,0
BRDA:319,23,1,0
BRDA:351,24,0,0
BRF:34
BRH:0
end_of_record
TN:
SF:scripts/abilities/shadow-dash.ts
FN:20,(anonymous_0)
FN:41,(anonymous_1)
FN:111,(anonymous_2)
FN:122,(anonymous_3)
FN:149,(anonymous_4)
FN:172,(anonymous_5)
FN:187,(anonymous_6)
FN:212,(anonymous_7)
FN:270,(anonymous_8)
FN:278,(anonymous_9)
FN:286,(anonymous_10)
FNF:11
FNH:0
FNDA:0,(anonymous_0)
FNDA:0,(anonymous_1)
FNDA:0,(anonymous_2)
FNDA:0,(anonymous_3)
FNDA:0,(anonymous_4)
FNDA:0,(anonymous_5)
FNDA:0,(anonymous_6)
FNDA:0,(anonymous_7)
FNDA:0,(anonymous_8)
FNDA:0,(anonymous_9)
FNDA:0,(anonymous_10)
DA:1,0
DA:4,0
DA:9,0
DA:21,0
DA:32,0
DA:33,0
DA:34,0
DA:42,0
DA:43,0
DA:46,0
DA:49,0
DA:52,0
DA:53,0
DA:54,0
DA:56,0
DA:57,0
DA:59,0
DA:60,0
DA:62,0
DA:63,0
DA:65,0
DA:66,0
DA:70,0
DA:71,0
DA:75,0
DA:76,0
DA:77,0
DA:80,0
DA:83,0
DA:84,0
DA:87,0
DA:90,0
DA:94,0
DA:98,0
DA:101,0
DA:102,0
DA:111,0
DA:112,0
DA:115,0
DA:129,0
DA:130,0
DA:132,0
DA:141,0
DA:151,0
DA:152,0
DA:153,0
DA:156,0
DA:157,0
DA:160,0
DA:178,0
DA:180,0
DA:181,0
DA:184,0
DA:186,0
DA:188,0
DA:189,0
DA:194,0
DA:195,0
DA:198,0
DA:222,0
DA:223,0
DA:224,0
DA:225,0
DA:228,0
DA:229,0
DA:234,0
DA:237,0
DA:238,0
DA:239,0
DA:240,0
DA:244,0
DA:254,0
DA:255,0
DA:258,0
DA:259,0
DA:260,0
DA:263,0
DA:271,0
DA:279,0
DA:287,0
DA:291,0
LF:81
LH:0
BRDA:42,0,0,0
BRDA:42,1,0,0
BRDA:42,1,1,0
BRDA:56,2,0,0
BRDA:59,3,0,0
BRDA:62,4,0,0
BRDA:65,5,0,0
BRDA:70,6,0,0
BRDA:70,7,0,0
BRDA:70,7,1,0
BRDA:101,8,0,0
BRDA:101,9,0,0
BRDA:101,9,1,0
BRDA:129,10,0,0
BRDA:129,11,0,0
BRDA:129,11,1,0
BRDA:133,12,0,0
BRDA:133,12,1,0
BRDA:133,12,2,0
BRDA:134,13,0,0
BRDA:134,13,1,0
BRDA:134,13,2,0
BRDA:135,14,0,0
BRDA:135,14,1,0
BRDA:135,14,2,0
BRDA:136,15,0,0
BRDA:136,15,1,0
BRDA:136,15,2,0
BRDA:156,16,0,0
BRDA:156,16,1,0
BRDA:156,17,0,0
BRDA:156,17,1,0
BRDA:184,18,0,0
BRDA:186,19,0,0
BRDA:188,20,0,0
BRDA:188,21,0,0
BRDA:188,21,1,0
BRDA:237,22,0,0
BRF:38
BRH:0
end_of_record
TN:
SF:scripts/config/enemy-configs.ts
FNF:0
FNH:0
DA:3,0
LF:1
LH:0
BRF:0
BRH:0
end_of_record
TN:
SF:scripts/constants/dom-elements.ts
FN:19,(anonymous_0)
FN:20,(anonymous_1)
FN:21,(anonymous_2)
FN:128,(anonymous_3)
FN:131,(anonymous_4)
FN:135,(anonymous_5)
FN:136,(anonymous_6)
FN:137,(anonymous_7)
FNF:8
FNH:8
FNDA:2,(anonymous_0)
FNDA:2,(anonymous_1)
FNDA:2,(anonymous_2)
FNDA:1,(anonymous_3)
FNDA:1,(anonymous_4)
FNDA:1,(anonymous_5)
FNDA:1,(anonymous_6)
FNDA:1,(anonymous_7)
DA:9,1
DA:19,2
DA:20,2
DA:21,2
DA:61,1
DA:126,1
DA:128,1
DA:131,1
DA:135,1
DA:136,1
DA:137,1
LF:11
LH:11
BRF:0
BRH:0
end_of_record
TN:
SF:scripts/ecs/components/StatsComponent.ts
FN:23,(anonymous_0)
FN:30,(anonymous_1)
FN:35,(anonymous_2)
FN:39,(anonymous_3)
FN:43,(anonymous_4)
FN:47,(anonymous_5)
FN:51,(anonymous_6)
FN:55,(anonymous_7)
FN:59,(anonymous_8)
FN:63,(anonymous_9)
FN:67,(anonymous_10)
FN:71,(anonymous_11)
FN:75,(anonymous_12)
FN:79,(anonymous_13)
FN:83,(anonymous_14)
FN:87,(anonymous_15)
FN:91,(anonymous_16)
FN:95,(anonymous_17)
FN:99,(anonymous_18)
FNF:19
FNH:0
FNDA:0,(anonymous_0)
FNDA:0,(anonymous_1)
FNDA:0,(anonymous_2)
FNDA:0,(anonymous_3)
FNDA:0,(anonymous_4)
FNDA:0,(anonymous_5)
FNDA:0,(anonymous_6)
FNDA:0,(anonymous_7)
FNDA:0,(anonymous_8)
FNDA:0,(anonymous_9)
FNDA:0,(anonymous_10)
FNDA:0,(anonymous_11)
FNDA:0,(anonymous_12)
FNDA:0,(anonymous_13)
FNDA:0,(anonymous_14)
FNDA:0,(anonymous_15)
FNDA:0,(anonymous_16)
FNDA:0,(anonymous_17)
FNDA:0,(anonymous_18)
DA:20,0
DA:24,0
DA:26,0
DA:27,0
DA:31,0
DA:36,0
DA:40,0
DA:44,0
DA:48,0
DA:52,0
DA:56,0
DA:60,0
DA:64,0
DA:68,0
DA:72,0
DA:76,0
DA:80,0
DA:84,0
DA:88,0
DA:92,0
DA:96,0
DA:100,0
LF:22
LH:0
BRDA:26,0,0,0
BRDA:26,0,1,0
BRDA:27,1,0,0
BRDA:27,1,1,0
BRF:4
BRH:0
end_of_record
TN:
SF:scripts/ecs/systems/StatsSystem.ts
FN:6,(anonymous_0)
FNF:1
FNH:0
FNDA:0,(anonymous_0)
DA:5,0
DA:7,0
DA:8,0
DA:9,0
LF:4
LH:0
BRDA:9,0,0,0
BRF:1
BRH:0
end_of_record
TN:
SF:scripts/entities/base-entity.ts
FN:53,(anonymous_0)
FN:70,(anonymous_1)
FN:78,(anonymous_2)
FN:93,(anonymous_3)
FN:101,(anonymous_4)
FN:120,(anonymous_5)
FN:128,(anonymous_6)
FNF:7
FNH:0
FNDA:0,(anonymous_0)
FNDA:0,(anonymous_1)
FNDA:0,(anonymous_2)
FNDA:0,(anonymous_3)
FNDA:0,(anonymous_4)
FNDA:0,(anonymous_5)
FNDA:0,(anonymous_6)
DA:1,0
DA:3,0
DA:30,0
DA:41,0
DA:44,0
DA:54,0
DA:55,0
DA:58,0
DA:59,0
DA:60,0
DA:63,0
DA:71,0
DA:79,0
DA:80,0
DA:81,0
DA:84,0
DA:85,0
DA:102,0
DA:103,0
DA:104,0
DA:108,0
DA:109,0
DA:112,0
DA:113,0
DA:121,0
DA:129,0
LF:26
LH:0
BRDA:53,0,0,0
BRDA:55,1,0,0
BRDA:55,1,1,0
BRDA:59,2,0,0
BRDA:79,3,0,0
BRDA:102,4,0,0
BRDA:108,5,0,0
BRDA:108,6,0,0
BRDA:108,6,1,0
BRF:9
BRH:0
end_of_record
TN:
SF:scripts/entities/drop.ts
FN:27,(anonymous_0)
FN:59,(anonymous_1)
FN:68,(anonymous_2)
FN:76,(anonymous_3)
FN:86,(anonymous_4)
FN:104,(anonymous_5)
FNF:6
FNH:0
FNDA:0,(anonymous_0)
FNDA:0,(anonymous_1)
FNDA:0,(anonymous_2)
FNDA:0,(anonymous_3)
FNDA:0,(anonymous_4)
FNDA:0,(anonymous_5)
DA:1,0
DA:5,0
DA:7,0
DA:12,0
DA:29,0
DA:31,0
DA:33,0
DA:34,0
DA:35,0
DA:36,0
DA:39,0
DA:40,0
DA:41,0
DA:42,0
DA:45,0
DA:48,0
DA:51,0
DA:53,0
DA:60,0
DA:69,0
DA:77,0
DA:78,0
DA:89,0
DA:95,0
DA:96,0
DA:98,0
DA:105,0
DA:106,0
LF:28
LH:0
BRDA:89,0,0,0
BRDA:89,0,1,0
BRDA:89,0,2,0
BRDA:89,0,3,0
BRDA:95,1,0,0
BRF:5
BRH:0
end_of_record
TN:
SF:scripts/entities/entity-registry.ts
FN:17,(anonymous_0)
FN:25,(anonymous_1)
FN:36,(anonymous_2)
FN:55,(anonymous_3)
FN:70,(anonymous_4)
FN:79,(anonymous_5)
FN:95,(anonymous_6)
FN:103,(anonymous_7)
FN:111,(anonymous_8)
FN:120,(anonymous_9)
FN:133,(anonymous_10)
FNF:11
FNH:0
FNDA:0,(anonymous_0)
FNDA:0,(anonymous_1)
FNDA:0,(anonymous_2)
FNDA:0,(anonymous_3)
FNDA:0,(anonymous_4)
FNDA:0,(anonymous_5)
FNDA:0,(anonymous_6)
FNDA:0,(anonymous_7)
FNDA:0,(anonymous_8)
FNDA:0,(anonymous_9)
FNDA:0,(anonymous_10)
DA:2,0
DA:4,0
DA:10,0
DA:12,0
DA:18,0
DA:26,0
DA:27,0
DA:29,0
DA:37,0
DA:38,0
DA:39,0
DA:42,0
DA:43,0
DA:44,0
DA:47,0
DA:48,0
DA:56,0
DA:57,0
DA:58,0
DA:61,0
DA:62,0
DA:71,0
DA:80,0
DA:82,0
DA:83,0
DA:84,0
DA:88,0
DA:96,0
DA:104,0
DA:112,0
DA:113,0
DA:121,0
DA:123,0
DA:124,0
DA:127,0
DA:134,0
DA:135,0
DA:139,0
LF:38
LH:0
BRDA:26,0,0,0
BRDA:37,1,0,0
BRDA:42,2,0,0
BRDA:56,3,0,0
BRDA:83,4,0,0
BRF:5
BRH:0
end_of_record
TN:
SF:scripts/entities/particle.ts
FN:43,(anonymous_0)
FN:99,(anonymous_1)
FN:109,(anonymous_2)
FN:150,(anonymous_3)
FN:168,(anonymous_4)
FN:199,(anonymous_5)
FN:221,(anonymous_6)
FN:238,(anonymous_7)
FN:246,(anonymous_8)
FNF:9
FNH:0
FNDA:0,(anonymous_0)
FNDA:0,(anonymous_1)
FNDA:0,(anonymous_2)
FNDA:0,(anonymous_3)
FNDA:0,(anonymous_4)
FNDA:0,(anonymous_5)
FNDA:0,(anonymous_6)
FNDA:0,(anonymous_7)
FNDA:0,(anonymous_8)
DA:1,0
DA:2,0
DA:4,0
DA:23,0
DA:44,0
DA:47,0
DA:48,0
DA:49,0
DA:50,0
DA:53,0
DA:54,0
DA:55,0
DA:58,0
DA:61,0
DA:63,0
DA:64,0
DA:66,0
DA:67,0
DA:68,0
DA:70,0
DA:71,0
DA:72,0
DA:73,0
DA:74,0
DA:75,0
DA:76,0
DA:78,0
DA:82,0
DA:83,0
DA:87,0
DA:90,0
DA:93,0
DA:100,0
DA:101,0
DA:111,0
DA:112,0
DA:115,0
DA:118,0
DA:120,0
DA:121,0
DA:124,0
DA:125,0
DA:126,0
DA:127,0
DA:128,0
DA:129,0
DA:131,0
DA:132,0
DA:135,0
DA:139,0
DA:140,0
DA:141,0
DA:144,0
DA:151,0
DA:153,0
DA:156,0
DA:157,0
DA:174,0
DA:176,0
DA:177,0
DA:189,0
DA:204,0
DA:226,0
DA:239,0
DA:240,0
DA:247,0
DA:251,0
LF:67
LH:0
BRDA:44,0,0,0
BRDA:44,0,1,0
BRDA:47,1,0,0
BRDA:47,1,1,0
BRDA:48,2,0,0
BRDA:48,2,1,0
BRDA:49,3,0,0
BRDA:49,3,1,0
BRDA:50,4,0,0
BRDA:50,4,1,0
BRDA:53,5,0,0
BRDA:53,5,1,0
BRDA:54,6,0,0
BRDA:54,6,1,0
BRDA:55,7,0,0
BRDA:55,7,1,0
BRDA:61,8,0,0
BRDA:61,8,1,0
BRDA:61,8,2,0
BRDA:61,8,3,0
BRDA:67,9,0,0
BRDA:67,9,1,0
BRDA:71,10,0,0
BRDA:71,10,1,0
BRDA:82,11,0,0
BRDA:109,12,0,0
BRDA:118,13,0,0
BRDA:118,13,1,0
BRDA:118,14,0,0
BRDA:118,14,1,0
BRDA:129,15,0,0
BRDA:129,15,1,0
BRDA:139,16,0,0
BRDA:139,17,0,0
BRDA:139,17,1,0
BRDA:151,18,0,0
BRF:36
BRH:0
end_of_record
TN:
SF:scripts/entities/player.ts
FN:24,(anonymous_1)
FN:25,(anonymous_2)
FN:28,(anonymous_3)
FN:59,(anonymous_4)
FN:60,(anonymous_5)
FN:63,(anonymous_6)
FN:64,(anonymous_7)
FN:66,(anonymous_8)
FN:67,(anonymous_9)
FN:69,(anonymous_10)
FN:70,(anonymous_11)
FN:112,(anonymous_12)
FN:186,(anonymous_13)
FN:196,(anonymous_14)
FN:235,(anonymous_15)
FN:258,(anonymous_16)
FN:275,(anonymous_17)
FN:287,(anonymous_18)
FN:320,(anonymous_19)
FN:331,(anonymous_20)
FN:342,(anonymous_21)
FN:387,(anonymous_22)
FN:407,(anonymous_23)
FN:427,(anonymous_24)
FN:435,(anonymous_25)
FN:455,(anonymous_26)
FN:522,(anonymous_27)
FN:545,(anonymous_28)
FN:593,(anonymous_29)
FN:715,(anonymous_30)
FN:748,(anonymous_31)
FN:750,(anonymous_32)
FN:755,(anonymous_33)
FN:767,(anonymous_34)
FN:852,(anonymous_35)
FN:863,(anonymous_36)
FN:880,(anonymous_37)
FN:891,(anonymous_38)
FN:908,(anonymous_39)
FN:918,(anonymous_40)
FN:929,(anonymous_41)
FN:948,(anonymous_42)
FN:965,(anonymous_43)
FN:976,(anonymous_44)
FN:985,(anonymous_45)
FN:1001,(anonymous_46)
FN:1017,(anonymous_47)
FN:1040,(anonymous_48)
FNF:48
FNH:0
FNDA:0,(anonymous_1)
FNDA:0,(anonymous_2)
FNDA:0,(anonymous_3)
FNDA:0,(anonymous_4)
FNDA:0,(anonymous_5)
FNDA:0,(anonymous_6)
FNDA:0,(anonymous_7)
FNDA:0,(anonymous_8)
FNDA:0,(anonymous_9)
FNDA:0,(anonymous_10)
FNDA:0,(anonymous_11)
FNDA:0,(anonymous_12)
FNDA:0,(anonymous_13)
FNDA:0,(anonymous_14)
FNDA:0,(anonymous_15)
FNDA:0,(anonymous_16)
FNDA:0,(anonymous_17)
FNDA:0,(anonymous_18)
FNDA:0,(anonymous_19)
FNDA:0,(anonymous_20)
FNDA:0,(anonymous_21)
FNDA:0,(anonymous_22)
FNDA:0,(anonymous_23)
FNDA:0,(anonymous_24)
FNDA:0,(anonymous_25)
FNDA:0,(anonymous_26)
FNDA:0,(anonymous_27)
FNDA:0,(anonymous_28)
FNDA:0,(anonymous_29)
FNDA:0,(anonymous_30)
FNDA:0,(anonymous_31)
FNDA:0,(anonymous_32)
FNDA:0,(anonymous_33)
FNDA:0,(anonymous_34)
FNDA:0,(anonymous_35)
FNDA:0,(anonymous_36)
FNDA:0,(anonymous_37)
FNDA:0,(anonymous_38)
FNDA:0,(anonymous_39)
FNDA:0,(anonymous_40)
FNDA:0,(anonymous_41)
FNDA:0,(anonymous_42)
FNDA:0,(anonymous_43)
FNDA:0,(anonymous_44)
FNDA:0,(anonymous_45)
FNDA:0,(anonymous_46)
FNDA:0,(anonymous_47)
FNDA:0,(anonymous_48)
DA:1,0
DA:2,0
DA:3,0
DA:6,0
DA:7,0
DA:9,0
DA:10,0
DA:11,0
DA:12,0
DA:15,0
DA:21,0
DA:24,0
DA:25,0
DA:30,0
DA:33,0
DA:37,0
DA:40,0
DA:42,0
DA:59,0
DA:60,0
DA:63,0
DA:64,0
DA:66,0
DA:67,0
DA:69,0
DA:70,0
DA:72,0
DA:75,0
DA:84,0
DA:89,0
DA:102,0
DA:103,0
DA:104,0
DA:105,0
DA:113,0
DA:114,0
DA:117,0
DA:118,0
DA:119,0
DA:120,0
DA:121,0
DA:122,0
DA:125,0
DA:126,0
DA:140,0
DA:143,0
DA:146,0
DA:147,0
DA:148,0
DA:149,0
DA:152,0
DA:153,0
DA:157,0
DA:160,0
DA:163,0
DA:164,0
DA:167,0
DA:168,0
DA:171,0
DA:174,0
DA:177,0
DA:180,0
DA:187,0
DA:188,0
DA:197,0
DA:201,0
DA:202,0
DA:203,0
DA:204,0
DA:208,0
DA:210,0
DA:213,0
DA:216,0
DA:219,0
DA:220,0
DA:221,0
DA:223,0
DA:228,0
DA:237,0
DA:238,0
DA:239,0
DA:240,0
DA:241,0
DA:242,0
DA:243,0
DA:244,0
DA:248,0
DA:249,0
DA:250,0
DA:251,0
DA:259,0
DA:278,0
DA:289,0
DA:292,0
DA:295,0
DA:298,0
DA:300,0
DA:301,0
DA:305,0
DA:306,0
DA:308,0
DA:312,0
DA:313,0
DA:321,0
DA:322,0
DA:323,0
DA:332,0
DA:333,0
DA:334,0
DA:345,0
DA:346,0
DA:349,0
DA:350,0
DA:353,0
DA:354,0
DA:356,0
DA:357,0
DA:359,0
DA:360,0
DA:362,0
DA:363,0
DA:367,0
DA:368,0
DA:371,0
DA:372,0
DA:375,0
DA:376,0
DA:379,0
DA:388,0
DA:389,0
DA:392,0
DA:395,0
DA:396,0
DA:397,0
DA:398,0
DA:408,0
DA:409,0
DA:411,0
DA:414,0
DA:415,0
DA:416,0
DA:417,0
DA:428,0
DA:429,0
DA:437,0
DA:439,0
DA:444,0
DA:447,0
DA:456,0
DA:459,0
DA:460,0
DA:464,0
DA:465,0
DA:469,0
DA:470,0
DA:471,0
DA:475,0
DA:477,0
DA:480,0
DA:483,0
DA:484,0
DA:489,0
DA:493,0
DA:496,0
DA:499,0
DA:502,0
DA:505,0
DA:506,0
DA:507,0
DA:515,0
DA:523,0
DA:524,0
DA:527,0
DA:530,0
DA:533,0
DA:534,0
DA:550,0
DA:553,0
DA:554,0
DA:558,0
DA:561,0
DA:564,0
DA:566,0
DA:569,0
DA:575,0
DA:584,0
DA:597,0
DA:600,0
DA:601,0
DA:603,0
DA:605,0
DA:606,0
DA:610,0
DA:611,0
DA:612,0
DA:618,0
DA:619,0
DA:620,0
DA:622,0
DA:624,0
DA:625,0
DA:626,0
DA:627,0
DA:628,0
DA:631,0
DA:632,0
DA:635,0
DA:645,0
DA:646,0
DA:654,0
DA:664,0
DA:668,0
DA:669,0
DA:670,0
DA:671,0
DA:673,0
DA:674,0
DA:676,0
DA:678,0
DA:679,0
DA:688,0
DA:693,0
DA:694,0
DA:702,0
DA:707,0
DA:708,0
DA:716,0
DA:717,0
DA:720,0
DA:721,0
DA:724,0
DA:726,0
DA:728,0
DA:731,0
DA:732,0
DA:733,0
DA:734,0
DA:736,0
DA:739,0
DA:742,0
DA:750,0
DA:751,0
DA:755,0
DA:756,0
DA:759,0
DA:768,0
DA:771,0
DA:772,0
DA:773,0
DA:774,0
DA:775,0
DA:776,0
DA:779,0
DA:780,0
DA:781,0
DA:783,0
DA:785,0
DA:790,0
DA:791,0
DA:792,0
DA:794,0
DA:795,0
DA:796,0
DA:798,0
DA:799,0
DA:802,0
DA:804,0
DA:805,0
DA:809,0
DA:810,0
DA:811,0
DA:814,0
DA:815,0
DA:816,0
DA:819,0
DA:822,0
DA:823,0
DA:827,0
DA:828,0
DA:829,0
DA:830,0
DA:832,0
DA:834,0
DA:836,0
DA:837,0
DA:841,0
DA:842,0
DA:854,0
DA:857,0
DA:860,0
DA:863,0
DA:864,0
DA:867,0
DA:869,0
DA:871,0
DA:874,0
DA:881,0
DA:882,0
DA:883,0
DA:893,0
DA:894,0
DA:898,0
DA:899,0
DA:901,0
DA:909,0
DA:912,0
DA:913,0
DA:914,0
DA:915,0
DA:918,0
DA:920,0
DA:921,0
DA:931,0
DA:934,0
DA:937,0
DA:940,0
DA:942,0
DA:950,0
DA:951,0
DA:954,0
DA:957,0
DA:959,0
DA:966,0
DA:967,0
DA:968,0
DA:977,0
DA:987,0
DA:988,0
DA:994,0
DA:997,0
DA:1001,0
DA:1003,0
DA:1007,0
DA:1011,0
DA:1019,0
DA:1022,0
DA:1025,0
DA:1026,0
DA:1027,0
DA:1031,0
DA:1033,0
DA:1034,0
DA:1042,0
DA:1043,0
LF:344
LH:0
BRDA:30,0,0,0
BRDA:112,1,0,0
BRDA:201,2,0,0
BRDA:201,3,0,0
BRDA:201,3,1,0
BRDA:208,4,0,0
BRDA:219,5,0,0
BRDA:220,6,0,0
BRDA:220,6,1,0
BRDA:298,7,0,0
BRDA:306,8,0,0
BRDA:321,9,0,0
BRDA:321,10,0,0
BRDA:321,10,1,0
BRDA:332,11,0,0
BRDA:332,12,0,0
BRDA:332,12,1,0
BRDA:332,12,2,0
BRDA:345,13,0,0
BRDA:345,14,0,0
BRDA:345,14,1,0
BRDA:353,15,0,0
BRDA:353,16,0,0
BRDA:353,16,1,0
BRDA:356,17,0,0
BRDA:356,18,0,0
BRDA:356,18,1,0
BRDA:359,19,0,0
BRDA:359,20,0,0
BRDA:359,20,1,0
BRDA:362,21,0,0
BRDA:362,22,0,0
BRDA:362,22,1,0
BRDA:395,23,0,0
BRDA:409,24,0,0
BRDA:414,25,0,0
BRDA:459,26,0,0
BRDA:464,27,0,0
BRDA:470,28,0,0
BRDA:484,29,0,0
BRDA:485,30,0,0
BRDA:485,30,1,0
BRDA:485,30,2,0
BRDA:505,31,0,0
BRDA:505,32,0,0
BRDA:505,32,1,0
BRDA:533,33,0,0
BRDA:553,34,0,0
BRDA:553,35,0,0
BRDA:553,35,1,0
BRDA:605,36,0,0
BRDA:622,37,0,0
BRDA:622,37,1,0
BRDA:622,37,2,0
BRDA:622,37,3,0
BRDA:625,38,0,0
BRDA:625,38,1,0
BRDA:626,39,0,0
BRDA:626,39,1,0
BRDA:645,40,0,0
BRDA:669,41,0,0
BRDA:669,41,1,0
BRDA:670,42,0,0
BRDA:670,42,1,0
BRDA:673,43,0,0
BRDA:673,43,1,0
BRDA:678,44,0,0
BRDA:678,44,1,0
BRDA:731,45,0,0
BRDA:731,45,1,0
BRDA:732,46,0,0
BRDA:732,46,1,0
BRDA:795,47,0,0
BRDA:795,48,0,0
BRDA:795,48,1,0
BRDA:828,49,0,0
BRDA:829,50,0,0
BRDA:829,50,1,0
BRDA:881,51,0,0
BRDA:893,52,0,0
BRDA:966,53,0,0
BRDA:987,54,0,0
BRDA:1025,55,0,0
BRF:83
BRH:0
end_of_record
TN:
SF:scripts/entities/projectile.ts
FN:61,(anonymous_1)
FN:71,(anonymous_2)
FN:117,(anonymous_3)
FN:144,(anonymous_4)
FN:153,(anonymous_5)
FN:161,(anonymous_6)
FN:170,(anonymous_7)
FN:179,(anonymous_8)
FN:193,(anonymous_9)
FN:212,(anonymous_10)
FN:227,(anonymous_11)
FN:253,(anonymous_12)
FN:261,(anonymous_13)
FNF:13
FNH:0
FNDA:0,(anonymous_1)
FNDA:0,(anonymous_2)
FNDA:0,(anonymous_3)
FNDA:0,(anonymous_4)
FNDA:0,(anonymous_5)
FNDA:0,(anonymous_6)
FNDA:0,(anonymous_7)
FNDA:0,(anonymous_8)
FNDA:0,(anonymous_9)
FNDA:0,(anonymous_10)
FNDA:0,(anonymous_11)
FNDA:0,(anonymous_12)
FNDA:0,(anonymous_13)
DA:1,0
DA:3,0
DA:4,0
DA:7,0
DA:33,0
DA:62,0
DA:63,0
DA:65,0
DA:66,0
DA:68,0
DA:73,0
DA:74,0
DA:75,0
DA:76,0
DA:77,0
DA:78,0
DA:81,0
DA:82,0
DA:83,0
DA:84,0
DA:87,0
DA:88,0
DA:89,0
DA:90,0
DA:93,0
DA:96,0
DA:97,0
DA:98,0
DA:99,0
DA:100,0
DA:101,0
DA:105,0
DA:106,0
DA:110,0
DA:111,0
DA:114,0
DA:118,0
DA:119,0
DA:120,0
DA:121,0
DA:122,0
DA:123,0
DA:124,0
DA:125,0
DA:126,0
DA:127,0
DA:128,0
DA:129,0
DA:130,0
DA:131,0
DA:133,0
DA:134,0
DA:135,0
DA:136,0
DA:137,0
DA:145,0
DA:146,0
DA:154,0
DA:155,0
DA:162,0
DA:163,0
DA:164,0
DA:171,0
DA:172,0
DA:180,0
DA:195,0
DA:196,0
DA:199,0
DA:213,0
DA:231,0
DA:232,0
DA:236,0
DA:239,0
DA:240,0
DA:244,0
DA:247,0
DA:254,0
DA:255,0
DA:262,0
DA:266,0
LF:80
LH:0
BRDA:73,0,0,0
BRDA:73,0,1,0
BRDA:74,1,0,0
BRDA:74,1,1,0
BRDA:77,2,0,0
BRDA:77,2,1,0
BRDA:78,3,0,0
BRDA:78,3,1,0
BRDA:81,4,0,0
BRDA:81,4,1,0
BRDA:82,5,0,0
BRDA:82,5,1,0
BRDA:83,6,0,0
BRDA:83,6,1,0
BRDA:84,7,0,0
BRDA:84,7,1,0
BRDA:87,8,0,0
BRDA:87,8,1,0
BRDA:88,9,0,0
BRDA:88,9,1,0
BRDA:89,10,0,0
BRDA:89,10,1,0
BRDA:93,11,0,0
BRDA:93,11,1,0
BRDA:96,12,0,0
BRDA:96,12,1,0
BRDA:98,13,0,0
BRDA:98,13,1,0
BRDA:100,14,0,0
BRDA:105,15,0,0
BRDA:131,16,0,0
BRDA:133,17,0,0
BRDA:146,18,0,0
BRDA:146,18,1,0
BRDA:146,19,0,0
BRDA:146,19,1,0
BRDA:181,20,0,0
BRDA:181,20,1,0
BRDA:181,20,2,0
BRDA:181,20,3,0
BRDA:195,21,0,0
BRDA:195,22,0,0
BRDA:195,22,1,0
BRDA:200,23,0,0
BRDA:200,23,1,0
BRDA:200,23,2,0
BRDA:200,23,3,0
BRDA:214,24,0,0
BRDA:214,24,1,0
BRDA:214,24,2,0
BRDA:214,24,3,0
BRDA:231,25,0,0
BRDA:239,26,0,0
BRF:53
BRH:0
end_of_record
TN:
SF:scripts/entities/bosses/church-paladin.ts
FN:101,(anonymous_1)
FN:177,(anonymous_2)
FN:200,(anonymous_3)
FN:226,(anonymous_4)
FN:246,(anonymous_5)
FN:271,(anonymous_6)
FN:299,(anonymous_7)
FN:339,(anonymous_8)
FN:408,(anonymous_9)
FN:460,(anonymous_10)
FN:494,(anonymous_11)
FN:505,(anonymous_12)
FN:531,(anonymous_13)
FN:557,(anonymous_14)
FN:587,(anonymous_15)
FN:607,(anonymous_16)
FN:644,(anonymous_17)
FN:659,(anonymous_18)
FN:677,(anonymous_19)
FN:688,(anonymous_20)
FN:723,(anonymous_21)
FN:742,(anonymous_22)
FN:755,(anonymous_23)
FN:767,(anonymous_24)
FN:781,(anonymous_25)
FN:782,(anonymous_26)
FN:801,(anonymous_27)
FN:818,(anonymous_28)
FN:829,(anonymous_29)
FN:856,(anonymous_30)
FN:869,(anonymous_31)
FN:893,(anonymous_32)
FN:912,(anonymous_33)
FN:923,(anonymous_34)
FN:965,(anonymous_35)
FN:1002,(anonymous_36)
FN:1044,(anonymous_37)
FN:1053,(anonymous_38)
FN:1068,(anonymous_39)
FN:1081,(anonymous_40)
FN:1096,(anonymous_41)
FN:1115,(anonymous_42)
FN:1129,(anonymous_43)
FN:1174,(anonymous_44)
FN:1220,(anonymous_45)
FN:1237,(anonymous_46)
FN:1254,(anonymous_47)
FN:1264,(anonymous_48)
FN:1285,(anonymous_49)
FN:1297,(anonymous_50)
FN:1316,(anonymous_51)
FN:1327,(anonymous_52)
FN:1363,(anonymous_53)
FN:1410,(anonymous_54)
FN:1452,(anonymous_55)
FN:1483,(anonymous_56)
FN:1501,(anonymous_57)
FN:1520,(anonymous_58)
FN:1534,(anonymous_59)
FN:1545,(anonymous_60)
FN:1572,(anonymous_61)
FN:1596,(anonymous_62)
FN:1642,(anonymous_63)
FN:1661,(anonymous_64)
FN:1701,(anonymous_65)
FN:1719,(anonymous_66)
FN:1729,(anonymous_67)
FN:1744,(anonymous_68)
FN:1751,(anonymous_69)
FN:1772,(anonymous_70)
FN:1802,(anonymous_71)
FN:1820,(anonymous_72)
FN:1833,(anonymous_73)
FN:1850,(anonymous_74)
FN:1870,(anonymous_75)
FN:1882,(anonymous_76)
FN:1916,(anonymous_77)
FN:1935,(anonymous_78)
FN:1949,(anonymous_79)
FN:1970,(anonymous_80)
FN:1989,(anonymous_81)
FN:1999,(anonymous_82)
FN:2017,(anonymous_83)
FNF:83
FNH:0
FNDA:0,(anonymous_1)
FNDA:0,(anonymous_2)
FNDA:0,(anonymous_3)
FNDA:0,(anonymous_4)
FNDA:0,(anonymous_5)
FNDA:0,(anonymous_6)
FNDA:0,(anonymous_7)
FNDA:0,(anonymous_8)
FNDA:0,(anonymous_9)
FNDA:0,(anonymous_10)
FNDA:0,(anonymous_11)
FNDA:0,(anonymous_12)
FNDA:0,(anonymous_13)
FNDA:0,(anonymous_14)
FNDA:0,(anonymous_15)
FNDA:0,(anonymous_16)
FNDA:0,(anonymous_17)
FNDA:0,(anonymous_18)
FNDA:0,(anonymous_19)
FNDA:0,(anonymous_20)
FNDA:0,(anonymous_21)
FNDA:0,(anonymous_22)
FNDA:0,(anonymous_23)
FNDA:0,(anonymous_24)
FNDA:0,(anonymous_25)
FNDA:0,(anonymous_26)
FNDA:0,(anonymous_27)
FNDA:0,(anonymous_28)
FNDA:0,(anonymous_29)
FNDA:0,(anonymous_30)
FNDA:0,(anonymous_31)
FNDA:0,(anonymous_32)
FNDA:0,(anonymous_33)
FNDA:0,(anonymous_34)
FNDA:0,(anonymous_35)
FNDA:0,(anonymous_36)
FNDA:0,(anonymous_37)
FNDA:0,(anonymous_38)
FNDA:0,(anonymous_39)
FNDA:0,(anonymous_40)
FNDA:0,(anonymous_41)
FNDA:0,(anonymous_42)
FNDA:0,(anonymous_43)
FNDA:0,(anonymous_44)
FNDA:0,(anonymous_45)
FNDA:0,(anonymous_46)
FNDA:0,(anonymous_47)
FNDA:0,(anonymous_48)
FNDA:0,(anonymous_49)
FNDA:0,(anonymous_50)
FNDA:0,(anonymous_51)
FNDA:0,(anonymous_52)
FNDA:0,(anonymous_53)
FNDA:0,(anonymous_54)
FNDA:0,(anonymous_55)
FNDA:0,(anonymous_56)
FNDA:0,(anonymous_57)
FNDA:0,(anonymous_58)
FNDA:0,(anonymous_59)
FNDA:0,(anonymous_60)
FNDA:0,(anonymous_61)
FNDA:0,(anonymous_62)
FNDA:0,(anonymous_63)
FNDA:0,(anonymous_64)
FNDA:0,(anonymous_65)
FNDA:0,(anonymous_66)
FNDA:0,(anonymous_67)
FNDA:0,(anonymous_68)
FNDA:0,(anonymous_69)
FNDA:0,(anonymous_70)
FNDA:0,(anonymous_71)
FNDA:0,(anonymous_72)
FNDA:0,(anonymous_73)
FNDA:0,(anonymous_74)
FNDA:0,(anonymous_75)
FNDA:0,(anonymous_76)
FNDA:0,(anonymous_77)
FNDA:0,(anonymous_78)
FNDA:0,(anonymous_79)
FNDA:0,(anonymous_80)
FNDA:0,(anonymous_81)
FNDA:0,(anonymous_82)
FNDA:0,(anonymous_83)
DA:1,0
DA:3,0
DA:4,0
DA:5,0
DA:6,0
DA:8,0
DA:57,0
DA:103,0
DA:106,0
DA:107,0
DA:110,0
DA:111,0
DA:112,0
DA:113,0
DA:116,0
DA:117,0
DA:118,0
DA:121,0
DA:122,0
DA:125,0
DA:126,0
DA:127,0
DA:128,0
DA:131,0
DA:132,0
DA:133,0
DA:134,0
DA:135,0
DA:136,0
DA:137,0
DA:138,0
DA:139,0
DA:140,0
DA:141,0
DA:142,0
DA:143,0
DA:144,0
DA:145,0
DA:146,0
DA:147,0
DA:148,0
DA:151,0
DA:152,0
DA:153,0
DA:156,0
DA:157,0
DA:158,0
DA:159,0
DA:160,0
DA:163,0
DA:164,0
DA:165,0
DA:166,0
DA:167,0
DA:170,0
DA:179,0
DA:180,0
DA:181,0
DA:184,0
DA:185,0
DA:188,0
DA:189,0
DA:190,0
DA:202,0
DA:204,0
DA:207,0
DA:212,0
DA:215,0
DA:218,0
DA:221,0
DA:222,0
DA:226,0
DA:228,0
DA:232,0
DA:235,0
DA:238,0
DA:241,0
DA:242,0
DA:246,0
DA:249,0
DA:251,0
DA:256,0
DA:257,0
DA:258,0
DA:273,0
DA:274,0
DA:275,0
DA:279,0
DA:281,0
DA:282,0
DA:284,0
DA:285,0
DA:287,0
DA:288,0
DA:301,0
DA:304,0
DA:307,0
DA:309,0
DA:310,0
DA:311,0
DA:312,0
DA:316,0
DA:317,0
DA:318,0
DA:319,0
DA:323,0
DA:324,0
DA:325,0
DA:326,0
DA:327,0
DA:341,0
DA:344,0
DA:345,0
DA:346,0
DA:347,0
DA:348,0
DA:352,0
DA:355,0
DA:357,0
DA:358,0
DA:359,0
DA:360,0
DA:364,0
DA:365,0
DA:366,0
DA:367,0
DA:370,0
DA:371,0
DA:372,0
DA:373,0
DA:377,0
DA:379,0
DA:380,0
DA:381,0
DA:385,0
DA:386,0
DA:387,0
DA:388,0
DA:392,0
DA:393,0
DA:394,0
DA:395,0
DA:410,0
DA:413,0
DA:414,0
DA:415,0
DA:416,0
DA:420,0
DA:421,0
DA:422,0
DA:423,0
DA:426,0
DA:430,0
DA:432,0
DA:433,0
DA:434,0
DA:438,0
DA:439,0
DA:440,0
DA:441,0
DA:445,0
DA:446,0
DA:447,0
DA:448,0
DA:452,0
DA:461,0
DA:464,0
DA:465,0
DA:466,0
DA:467,0
DA:470,0
DA:471,0
DA:472,0
DA:473,0
DA:476,0
DA:477,0
DA:478,0
DA:479,0
DA:483,0
DA:484,0
DA:485,0
DA:495,0
DA:496,0
DA:497,0
DA:506,0
DA:507,0
DA:508,0
DA:511,0
DA:514,0
DA:515,0
DA:521,0
DA:522,0
DA:532,0
DA:533,0
DA:534,0
DA:537,0
DA:540,0
DA:541,0
DA:547,0
DA:548,0
DA:558,0
DA:559,0
DA:560,0
DA:563,0
DA:566,0
DA:567,0
DA:570,0
DA:571,0
DA:577,0
DA:578,0
DA:589,0
DA:595,0
DA:598,0
DA:601,0
DA:608,0
DA:611,0
DA:612,0
DA:613,0
DA:616,0
DA:617,0
DA:618,0
DA:622,0
DA:623,0
DA:635,0
DA:636,0
DA:646,0
DA:647,0
DA:650,0
DA:653,0
DA:661,0
DA:662,0
DA:663,0
DA:664,0
DA:665,0
DA:666,0
DA:667,0
DA:668,0
DA:669,0
DA:670,0
DA:671,0
DA:674,0
DA:677,0
DA:678,0
DA:679,0
DA:690,0
DA:691,0
DA:692,0
DA:695,0
DA:696,0
DA:697,0
DA:700,0
DA:701,0
DA:704,0
DA:707,0
DA:708,0
DA:712,0
DA:715,0
DA:725,0
DA:726,0
DA:727,0
DA:728,0
DA:729,0
DA:730,0
DA:731,0
DA:732,0
DA:733,0
DA:734,0
DA:735,0
DA:736,0
DA:739,0
DA:742,0
DA:743,0
DA:744,0
DA:756,0
DA:759,0
DA:762,0
DA:763,0
DA:764,0
DA:767,0
DA:768,0
DA:772,0
DA:782,0
DA:784,0
DA:785,0
DA:787,0
DA:788,0
DA:792,0
DA:803,0
DA:804,0
DA:805,0
DA:806,0
DA:807,0
DA:808,0
DA:809,0
DA:810,0
DA:811,0
DA:812,0
DA:815,0
DA:818,0
DA:819,0
DA:820,0
DA:830,0
DA:833,0
DA:836,0
DA:837,0
DA:839,0
DA:840,0
DA:844,0
DA:847,0
DA:848,0
DA:852,0
DA:856,0
DA:857,0
DA:861,0
DA:871,0
DA:872,0
DA:873,0
DA:876,0
DA:877,0
DA:880,0
DA:881,0
DA:884,0
DA:885,0
DA:895,0
DA:896,0
DA:897,0
DA:898,0
DA:899,0
DA:900,0
DA:901,0
DA:902,0
DA:903,0
DA:904,0
DA:905,0
DA:906,0
DA:909,0
DA:912,0
DA:913,0
DA:914,0
DA:924,0
DA:927,0
DA:928,0
DA:930,0
DA:932,0
DA:938,0
DA:939,0
DA:942,0
DA:943,0
DA:946,0
DA:955,0
DA:967,0
DA:968,0
DA:969,0
DA:970,0
DA:971,0
DA:972,0
DA:973,0
DA:974,0
DA:975,0
DA:976,0
DA:977,0
DA:980,0
DA:983,0
DA:994,0
DA:1004,0
DA:1005,0
DA:1008,0
DA:1011,0
DA:1012,0
DA:1015,0
DA:1016,0
DA:1019,0
DA:1021,0
DA:1022,0
DA:1026,0
DA:1029,0
DA:1032,0
DA:1033,0
DA:1037,0
DA:1038,0
DA:1039,0
DA:1044,0
DA:1055,0
DA:1069,0
DA:1083,0
DA:1086,0
DA:1087,0
DA:1098,0
DA:1099,0
DA:1100,0
DA:1101,0
DA:1102,0
DA:1103,0
DA:1104,0
DA:1105,0
DA:1106,0
DA:1107,0
DA:1108,0
DA:1109,0
DA:1112,0
DA:1115,0
DA:1116,0
DA:1117,0
DA:1130,0
DA:1133,0
DA:1134,0
DA:1135,0
DA:1136,0
DA:1137,0
DA:1138,0
DA:1139,0
DA:1140,0
DA:1141,0
DA:1142,0
DA:1143,0
DA:1144,0
DA:1145,0
DA:1146,0
DA:1149,0
DA:1152,0
DA:1163,0
DA:1166,0
DA:1176,0
DA:1177,0
DA:1178,0
DA:1181,0
DA:1183,0
DA:1184,0
DA:1188,0
DA:1189,0
DA:1193,0
DA:1195,0
DA:1198,0
DA:1200,0
DA:1202,0
DA:1204,0
DA:1208,0
DA:1222,0
DA:1223,0
DA:1225,0
DA:1226,0
DA:1227,0
DA:1230,0
DA:1239,0
DA:1240,0
DA:1241,0
DA:1242,0
DA:1243,0
DA:1244,0
DA:1245,0
DA:1246,0
DA:1247,0
DA:1248,0
DA:1251,0
DA:1254,0
DA:1255,0
DA:1256,0
DA:1265,0
DA:1268,0
DA:1269,0
DA:1272,0
DA:1273,0
DA:1276,0
DA:1279,0
DA:1287,0
DA:1290,0
DA:1291,0
DA:1299,0
DA:1300,0
DA:1301,0
DA:1302,0
DA:1303,0
DA:1304,0
DA:1305,0
DA:1306,0
DA:1307,0
DA:1308,0
DA:1309,0
DA:1310,0
DA:1313,0
DA:1316,0
DA:1317,0
DA:1318,0
DA:1328,0
DA:1331,0
DA:1333,0
DA:1337,0
DA:1339,0
DA:1340,0
DA:1343,0
DA:1344,0
DA:1346,0
DA:1347,0
DA:1351,0
DA:1355,0
DA:1365,0
DA:1366,0
DA:1369,0
DA:1370,0
DA:1371,0
DA:1372,0
DA:1373,0
DA:1374,0
DA:1375,0
DA:1376,0
DA:1377,0
DA:1378,0
DA:1379,0
DA:1380,0
DA:1381,0
DA:1384,0
DA:1387,0
DA:1402,0
DA:1412,0
DA:1413,0
DA:1414,0
DA:1417,0
DA:1418,0
DA:1422,0
DA:1424,0
DA:1427,0
DA:1428,0
DA:1432,0
DA:1434,0
DA:1436,0
DA:1438,0
DA:1442,0
DA:1454,0
DA:1455,0
DA:1459,0
DA:1460,0
DA:1461,0
DA:1462,0
DA:1463,0
DA:1464,0
DA:1465,0
DA:1466,0
DA:1467,0
DA:1468,0
DA:1469,0
DA:1470,0
DA:1473,0
DA:1476,0
DA:1485,0
DA:1486,0
DA:1490,0
DA:1491,0
DA:1503,0
DA:1504,0
DA:1506,0
DA:1507,0
DA:1508,0
DA:1511,0
DA:1521,0
DA:1524,0
DA:1527,0
DA:1530,0
DA:1533,0
DA:1534,0
DA:1535,0
DA:1537,0
DA:1538,0
DA:1541,0
DA:1545,0
DA:1547,0
DA:1550,0
DA:1551,0
DA:1555,0
DA:1556,0
DA:1560,0
DA:1565,0
DA:1573,0
DA:1574,0
DA:1575,0
DA:1576,0
DA:1578,0
DA:1579,0
DA:1580,0
DA:1581,0
DA:1582,0
DA:1584,0
DA:1585,0
DA:1588,0
DA:1589,0
DA:1598,0
DA:1599,0
DA:1600,0
DA:1601,0
DA:1604,0
DA:1607,0
DA:1608,0
DA:1610,0
DA:1611,0
DA:1612,0
DA:1613,0
DA:1614,0
DA:1615,0
DA:1616,0
DA:1617,0
DA:1618,0
DA:1619,0
DA:1620,0
DA:1622,0
DA:1623,0
DA:1626,0
DA:1630,0
DA:1632,0
DA:1634,0
DA:1635,0
DA:1638,0
DA:1642,0
DA:1643,0
DA:1644,0
DA:1649,0
DA:1664,0
DA:1667,0
DA:1668,0
DA:1671,0
DA:1672,0
DA:1675,0
DA:1676,0
DA:1680,0
DA:1681,0
DA:1684,0
DA:1687,0
DA:1691,0
DA:1692,0
DA:1694,0
DA:1703,0
DA:1704,0
DA:1705,0
DA:1706,0
DA:1707,0
DA:1708,0
DA:1709,0
DA:1710,0
DA:1711,0
DA:1712,0
DA:1713,0
DA:1716,0
DA:1719,0
DA:1720,0
DA:1721,0
DA:1730,0
DA:1733,0
DA:1737,0
DA:1738,0
DA:1739,0
DA:1740,0
DA:1742,0
DA:1743,0
DA:1744,0
DA:1745,0
DA:1746,0
DA:1751,0
DA:1753,0
DA:1756,0
DA:1760,0
DA:1761,0
DA:1766,0
DA:1774,0
DA:1775,0
DA:1776,0
DA:1777,0
DA:1778,0
DA:1779,0
DA:1780,0
DA:1781,0
DA:1782,0
DA:1783,0
DA:1784,0
DA:1785,0
DA:1786,0
DA:1790,0
DA:1793,0
DA:1799,0
DA:1802,0
DA:1803,0
DA:1804,0
DA:1809,0
DA:1810,0
DA:1821,0
DA:1824,0
DA:1827,0
DA:1830,0
DA:1833,0
DA:1835,0
DA:1836,0
DA:1840,0
DA:1844,0
DA:1852,0
DA:1853,0
DA:1854,0
DA:1855,0
DA:1856,0
DA:1857,0
DA:1858,0
DA:1859,0
DA:1860,0
DA:1861,0
DA:1862,0
DA:1863,0
DA:1864,0
DA:1867,0
DA:1870,0
DA:1871,0
DA:1872,0
DA:1884,0
DA:1887,0
DA:1888,0
DA:1890,0
DA:1891,0
DA:1892,0
DA:1895,0
DA:1898,0
DA:1899,0
DA:1903,0
DA:1906,0
DA:1918,0
DA:1919,0
DA:1920,0
DA:1921,0
DA:1922,0
DA:1923,0
DA:1924,0
DA:1925,0
DA:1926,0
DA:1927,0
DA:1928,0
DA:1929,0
DA:1932,0
DA:1935,0
DA:1936,0
DA:1937,0
DA:1955,0
DA:1957,0
DA:1960,0
DA:1964,0
DA:1972,0
DA:1973,0
DA:1974,0
DA:1975,0
DA:1976,0
DA:1977,0
DA:1978,0
DA:1979,0
DA:1980,0
DA:1981,0
DA:1982,0
DA:1983,0
DA:1986,0
DA:1989,0
DA:1990,0
DA:1991,0
DA:2000,0
DA:2003,0
DA:2006,0
DA:2019,0
DA:2020,0
DA:2021,0
DA:2024,0
DA:2027,0
DA:2028,0
DA:2029,0
DA:2032,0
DA:2035,0
DA:2036,0
DA:2038,0
DA:2041,0
DA:2042,0
DA:2044,0
DA:2047,0
DA:2051,0
LF:773
LH:0
BRDA:188,0,0,0
BRDA:207,1,0,0
BRDA:207,2,0,0
BRDA:207,2,1,0
BRDA:207,2,2,0
BRDA:221,3,0,0
BRDA:221,4,0,0
BRDA:221,4,1,0
BRDA:241,5,0,0
BRDA:241,6,0,0
BRDA:241,6,1,0
BRDA:249,7,0,0
BRDA:249,8,0,0
BRDA:249,8,1,0
BRDA:256,9,0,0
BRDA:257,10,0,0
BRDA:273,11,0,0
BRDA:273,12,0,0
BRDA:273,12,1,0
BRDA:279,13,0,0
BRDA:279,13,1,0
BRDA:279,13,2,0
BRDA:307,14,0,0
BRDA:307,14,1,0
BRDA:309,15,0,0
BRDA:316,16,0,0
BRDA:323,17,0,0
BRDA:324,18,0,0
BRDA:345,19,0,0
BRDA:345,20,0,0
BRDA:345,20,1,0
BRDA:355,21,0,0
BRDA:355,21,1,0
BRDA:357,22,0,0
BRDA:364,23,0,0
BRDA:370,24,0,0
BRDA:377,25,0,0
BRDA:379,26,0,0
BRDA:379,27,0,0
BRDA:379,27,1,0
BRDA:385,28,0,0
BRDA:392,29,0,0
BRDA:413,30,0,0
BRDA:413,31,0,0
BRDA:413,31,1,0
BRDA:420,32,0,0
BRDA:420,32,1,0
BRDA:422,33,0,0
BRDA:422,33,1,0
BRDA:430,34,0,0
BRDA:430,35,0,0
BRDA:430,35,1,0
BRDA:430,35,2,0
BRDA:438,36,0,0
BRDA:438,37,0,0
BRDA:438,37,1,0
BRDA:445,38,0,0
BRDA:445,39,0,0
BRDA:445,39,1,0
BRDA:464,40,0,0
BRDA:464,41,0,0
BRDA:464,41,1,0
BRDA:470,42,0,0
BRDA:476,43,0,0
BRDA:476,44,0,0
BRDA:476,44,1,0
BRDA:483,45,0,0
BRDA:505,46,0,0
BRDA:511,47,0,0
BRDA:537,48,0,0
BRDA:563,49,0,0
BRDA:608,50,0,0
BRDA:616,51,0,0
BRDA:678,52,0,0
BRDA:743,53,0,0
BRDA:785,54,0,0
BRDA:787,55,0,0
BRDA:819,56,0,0
BRDA:837,57,0,0
BRDA:839,58,0,0
BRDA:847,59,0,0
BRDA:884,60,0,0
BRDA:913,61,0,0
BRDA:1008,62,0,0
BRDA:1019,63,0,0
BRDA:1019,64,0,0
BRDA:1019,64,1,0
BRDA:1021,65,0,0
BRDA:1037,66,0,0
BRDA:1056,67,0,0
BRDA:1056,67,1,0
BRDA:1056,67,2,0
BRDA:1056,67,3,0
BRDA:1070,68,0,0
BRDA:1070,68,1,0
BRDA:1070,68,2,0
BRDA:1070,68,3,0
BRDA:1086,69,0,0
BRDA:1116,70,0,0
BRDA:1181,71,0,0
BRDA:1183,72,0,0
BRDA:1198,73,0,0
BRDA:1198,74,0,0
BRDA:1198,74,1,0
BRDA:1200,75,0,0
BRDA:1202,76,0,0
BRDA:1255,77,0,0
BRDA:1317,78,0,0
BRDA:1337,79,0,0
BRDA:1337,79,1,0
BRDA:1417,80,0,0
BRDA:1417,81,0,0
BRDA:1417,81,1,0
BRDA:1422,82,0,0
BRDA:1422,83,0,0
BRDA:1422,83,1,0
BRDA:1432,84,0,0
BRDA:1432,85,0,0
BRDA:1432,85,1,0
BRDA:1432,85,2,0
BRDA:1434,86,0,0
BRDA:1436,87,0,0
BRDA:1454,88,0,0
BRDA:1485,89,0,0
BRDA:1490,90,0,0
BRDA:1490,91,0,0
BRDA:1490,91,1,0
BRDA:1533,92,0,0
BRDA:1533,93,0,0
BRDA:1533,93,1,0
BRDA:1533,93,2,0
BRDA:1537,94,0,0
BRDA:1537,95,0,0
BRDA:1537,95,1,0
BRDA:1550,96,0,0
BRDA:1550,97,0,0
BRDA:1550,97,1,0
BRDA:1555,98,0,0
BRDA:1555,99,0,0
BRDA:1555,99,1,0
BRDA:1555,99,2,0
BRDA:1632,100,0,0
BRDA:1634,101,0,0
BRDA:1643,102,0,0
BRDA:1664,103,0,0
BRDA:1664,104,0,0
BRDA:1664,104,1,0
BRDA:1664,104,2,0
BRDA:1694,105,0,0
BRDA:1694,105,1,0
BRDA:1720,106,0,0
BRDA:1745,107,0,0
BRDA:1760,108,0,0
BRDA:1803,109,0,0
BRDA:1809,110,0,0
BRDA:1871,111,0,0
BRDA:1884,112,0,0
BRDA:1884,112,1,0
BRDA:1898,113,0,0
BRDA:1936,114,0,0
BRDA:1955,115,0,0
BRDA:1990,116,0,0
BRDA:2020,117,0,0
BRDA:2028,118,0,0
BRF:164
BRH:0
end_of_record
TN:
SF:scripts/entities/bosses/index.ts
FN:12,(anonymous_0)
FN:13,(anonymous_1)
FNF:2
FNH:0
FNDA:0,(anonymous_0)
FNDA:0,(anonymous_1)
DA:5,0
DA:6,0
DA:12,0
DA:13,0
LF:4
LH:0
BRF:0
BRH:0
end_of_record
TN:
SF:scripts/entities/enemies/base-enemy.ts
FN:50,(anonymous_1)
FN:72,(anonymous_2)
FN:103,(anonymous_3)
FN:122,(anonymous_4)
FN:133,(anonymous_5)
FN:144,(anonymous_6)
FN:173,(anonymous_7)
FN:188,(anonymous_8)
FN:196,(anonymous_9)
FN:207,(anonymous_10)
FN:233,(anonymous_11)
FN:268,(anonymous_12)
FN:281,(anonymous_13)
FN:295,(anonymous_14)
FNF:14
FNH:0
FNDA:0,(anonymous_1)
FNDA:0,(anonymous_2)
FNDA:0,(anonymous_3)
FNDA:0,(anonymous_4)
FNDA:0,(anonymous_5)
FNDA:0,(anonymous_6)
FNDA:0,(anonymous_7)
FNDA:0,(anonymous_8)
FNDA:0,(anonymous_9)
FNDA:0,(anonymous_10)
FNDA:0,(anonymous_11)
FNDA:0,(anonymous_12)
FNDA:0,(anonymous_13)
FNDA:0,(anonymous_14)
DA:1,0
DA:2,0
DA:3,0
DA:4,0
DA:8,0
DA:25,0
DA:44,0
DA:51,0
DA:54,0
DA:55,0
DA:57,0
DA:58,0
DA:60,0
DA:61,0
DA:63,0
DA:64,0
DA:67,0
DA:69,0
DA:73,0
DA:74,0
DA:75,0
DA:77,0
DA:78,0
DA:79,0
DA:80,0
DA:83,0
DA:84,0
DA:85,0
DA:86,0
DA:89,0
DA:92,0
DA:95,0
DA:96,0
DA:97,0
DA:100,0
DA:104,0
DA:105,0
DA:106,0
DA:107,0
DA:108,0
DA:109,0
DA:110,0
DA:111,0
DA:113,0
DA:114,0
DA:116,0
DA:123,0
DA:124,0
DA:134,0
DA:136,0
DA:137,0
DA:145,0
DA:147,0
DA:149,0
DA:150,0
DA:151,0
DA:153,0
DA:154,0
DA:155,0
DA:157,0
DA:158,0
DA:159,0
DA:161,0
DA:162,0
DA:163,0
DA:174,0
DA:175,0
DA:176,0
DA:179,0
DA:180,0
DA:182,0
DA:189,0
DA:190,0
DA:197,0
DA:213,0
DA:214,0
DA:217,0
DA:218,0
DA:222,0
DA:225,0
DA:234,0
DA:238,0
DA:245,0
DA:247,0
DA:249,0
DA:250,0
DA:252,0
DA:254,0
DA:256,0
DA:257,0
DA:261,0
DA:269,0
DA:283,0
DA:284,0
DA:287,0
DA:288,0
DA:296,0
DA:300,0
LF:98
LH:0
BRDA:113,0,0,0
BRDA:136,1,0,0
BRDA:147,2,0,0
BRDA:147,2,1,0
BRDA:147,2,2,0
BRDA:147,2,3,0
BRDA:217,3,0,0
BRDA:238,4,0,0
BRDA:238,4,1,0
BRDA:238,4,2,0
BRDA:238,4,3,0
BRDA:245,5,0,0
BRDA:245,5,1,0
BRDA:245,6,0,0
BRDA:245,6,1,0
BRDA:249,7,0,0
BRDA:252,8,0,0
BRDA:252,9,0,0
BRDA:252,9,1,0
BRDA:256,10,0,0
BRDA:270,11,0,0
BRDA:270,11,1,0
BRDA:270,11,2,0
BRDA:270,11,3,0
BRDA:283,12,0,0
BRDA:283,13,0,0
BRDA:283,13,1,0
BRDA:283,13,2,0
BRF:28
BRH:0
end_of_record
TN:
SF:scripts/entities/enemies/basic-enemy.ts
FN:12,(anonymous_0)
FNF:1
FNH:0
FNDA:0,(anonymous_0)
DA:1,0
DA:7,0
DA:13,0
DA:19,0
LF:4
LH:0
BRF:0
BRH:0
end_of_record
TN:
SF:scripts/entities/enemies/fast-swarmer.ts
FN:27,(anonymous_1)
FN:35,(anonymous_2)
FN:74,(anonymous_3)
FN:77,(anonymous_4)
FN:83,(anonymous_5)
FN:86,(anonymous_6)
FN:94,(anonymous_7)
FN:109,(anonymous_8)
FN:120,(anonymous_9)
FN:128,(anonymous_10)
FN:137,(anonymous_11)
FN:156,(anonymous_12)
FN:175,(anonymous_13)
FN:218,(anonymous_14)
FN:292,(anonymous_15)
FN:316,(anonymous_16)
FN:329,(anonymous_17)
FN:331,(anonymous_18)
FN:336,(anonymous_19)
FN:366,(anonymous_20)
FN:390,(anonymous_21)
FN:402,(anonymous_22)
FN:415,(anonymous_23)
FN:424,(anonymous_24)
FNF:24
FNH:0
FNDA:0,(anonymous_1)
FNDA:0,(anonymous_2)
FNDA:0,(anonymous_3)
FNDA:0,(anonymous_4)
FNDA:0,(anonymous_5)
FNDA:0,(anonymous_6)
FNDA:0,(anonymous_7)
FNDA:0,(anonymous_8)
FNDA:0,(anonymous_9)
FNDA:0,(anonymous_10)
FNDA:0,(anonymous_11)
FNDA:0,(anonymous_12)
FNDA:0,(anonymous_13)
FNDA:0,(anonymous_14)
FNDA:0,(anonymous_15)
FNDA:0,(anonymous_16)
FNDA:0,(anonymous_17)
FNDA:0,(anonymous_18)
FNDA:0,(anonymous_19)
FNDA:0,(anonymous_20)
FNDA:0,(anonymous_21)
FNDA:0,(anonymous_22)
FNDA:0,(anonymous_23)
FNDA:0,(anonymous_24)
DA:1,0
DA:2,0
DA:8,0
DA:29,0
DA:32,0
DA:36,0
DA:37,0
DA:39,0
DA:42,0
DA:43,0
DA:45,0
DA:46,0
DA:48,0
DA:49,0
DA:52,0
DA:53,0
DA:54,0
DA:55,0
DA:56,0
DA:57,0
DA:58,0
DA:59,0
DA:62,0
DA:65,0
DA:66,0
DA:67,0
DA:68,0
DA:71,0
DA:75,0
DA:76,0
DA:77,0
DA:85,0
DA:86,0
DA:87,0
DA:96,0
DA:98,0
DA:99,0
DA:103,0
DA:111,0
DA:112,0
DA:113,0
DA:114,0
DA:115,0
DA:117,0
DA:120,0
DA:121,0
DA:122,0
DA:127,0
DA:128,0
DA:129,0
DA:138,0
DA:140,0
DA:143,0
DA:146,0
DA:147,0
DA:148,0
DA:152,0
DA:155,0
DA:156,0
DA:158,0
DA:161,0
DA:162,0
DA:165,0
DA:167,0
DA:176,0
DA:183,0
DA:184,0
DA:185,0
DA:189,0
DA:191,0
DA:192,0
DA:196,0
DA:197,0
DA:204,0
DA:205,0
DA:206,0
DA:207,0
DA:208,0
DA:211,0
DA:212,0
DA:213,0
DA:215,0
DA:217,0
DA:218,0
DA:219,0
DA:220,0
DA:223,0
DA:224,0
DA:227,0
DA:228,0
DA:229,0
DA:230,0
DA:231,0
DA:232,0
DA:237,0
DA:238,0
DA:241,0
DA:242,0
DA:243,0
DA:246,0
DA:247,0
DA:250,0
DA:251,0
DA:252,0
DA:255,0
DA:257,0
DA:258,0
DA:261,0
DA:267,0
DA:275,0
DA:276,0
DA:277,0
DA:280,0
DA:283,0
DA:284,0
DA:294,0
DA:295,0
DA:296,0
DA:297,0
DA:298,0
DA:299,0
DA:300,0
DA:301,0
DA:302,0
DA:303,0
DA:304,0
DA:305,0
DA:308,0
DA:309,0
DA:310,0
DA:313,0
DA:316,0
DA:317,0
DA:318,0
DA:323,0
DA:330,0
DA:331,0
DA:333,0
DA:335,0
DA:336,0
DA:337,0
DA:340,0
DA:341,0
DA:342,0
DA:345,0
DA:346,0
DA:347,0
DA:350,0
DA:351,0
DA:352,0
DA:368,0
DA:369,0
DA:370,0
DA:373,0
DA:376,0
DA:377,0
DA:380,0
DA:381,0
DA:383,0
DA:384,0
DA:391,0
DA:392,0
DA:393,0
DA:396,0
DA:403,0
DA:404,0
DA:405,0
DA:408,0
DA:416,0
DA:426,0
DA:427,0
DA:428,0
DA:430,0
DA:439,0
LF:174
LH:0
BRDA:39,0,0,0
BRDA:39,0,1,0
BRDA:96,1,0,0
BRDA:96,2,0,0
BRDA:96,2,1,0
BRDA:121,3,0,0
BRDA:138,4,0,0
BRDA:158,5,0,0
BRDA:161,6,0,0
BRDA:161,6,1,0
BRDA:162,7,0,0
BRDA:162,7,1,0
BRDA:165,8,0,0
BRDA:165,9,0,0
BRDA:165,9,1,0
BRDA:170,10,0,0
BRDA:170,10,1,0
BRDA:171,11,0,0
BRDA:171,11,1,0
BRDA:183,12,0,0
BRDA:183,13,0,0
BRDA:183,13,1,0
BRDA:189,14,0,0
BRDA:189,15,0,0
BRDA:189,15,1,0
BRDA:196,16,0,0
BRDA:196,17,0,0
BRDA:196,17,1,0
BRDA:215,18,0,0
BRDA:230,19,0,0
BRDA:231,20,0,0
BRDA:231,20,1,0
BRDA:232,21,0,0
BRDA:232,21,1,0
BRDA:241,22,0,0
BRDA:241,22,1,0
BRDA:250,23,0,0
BRDA:250,23,1,0
BRDA:255,24,0,0
BRDA:255,24,1,0
BRDA:255,25,0,0
BRDA:255,25,1,0
BRDA:275,26,0,0
BRDA:275,26,1,0
BRDA:283,27,0,0
BRDA:283,28,0,0
BRDA:283,28,1,0
BRDA:283,28,2,0
BRDA:317,29,0,0
BRDA:333,30,0,0
BRDA:335,31,0,0
BRDA:340,32,0,0
BRDA:340,33,0,0
BRDA:340,33,1,0
BRDA:368,34,0,0
BRDA:431,35,0,0
BRDA:431,35,1,0
BRDA:431,35,2,0
BRDA:431,35,3,0
BRF:59
BRH:0
end_of_record
TN:
SF:scripts/entities/enemies/index.ts
FN:5,(anonymous_0)
FN:6,(anonymous_1)
FN:7,(anonymous_2)
FN:8,(anonymous_3)
FN:9,(anonymous_4)
FN:10,(anonymous_5)
FN:11,(anonymous_6)
FN:12,(anonymous_7)
FNF:8
FNH:0
FNDA:0,(anonymous_0)
FNDA:0,(anonymous_1)
FNDA:0,(anonymous_2)
FNDA:0,(anonymous_3)
FNDA:0,(anonymous_4)
FNDA:0,(anonymous_5)
FNDA:0,(anonymous_6)
FNDA:0,(anonymous_7)
DA:5,0
DA:6,0
DA:7,0
DA:8,0
DA:9,0
DA:10,0
DA:11,0
DA:12,0
LF:8
LH:0
BRF:0
BRH:0
end_of_record
TN:
SF:scripts/entities/enemies/tanky-brute.ts
FN:25,(anonymous_1)
FN:58,(anonymous_2)
FN:68,(anonymous_3)
FN:75,(anonymous_4)
FN:87,(anonymous_5)
FN:131,(anonymous_6)
FN:146,(anonymous_7)
FN:176,(anonymous_8)
FN:186,(anonymous_9)
FN:193,(anonymous_10)
FN:195,(anonymous_11)
FN:211,(anonymous_12)
FNF:12
FNH:0
FNDA:0,(anonymous_1)
FNDA:0,(anonymous_2)
FNDA:0,(anonymous_3)
FNDA:0,(anonymous_4)
FNDA:0,(anonymous_5)
FNDA:0,(anonymous_6)
FNDA:0,(anonymous_7)
FNDA:0,(anonymous_8)
FNDA:0,(anonymous_9)
FNDA:0,(anonymous_10)
FNDA:0,(anonymous_11)
FNDA:0,(anonymous_12)
DA:1,0
DA:2,0
DA:3,0
DA:9,0
DA:27,0
DA:30,0
DA:31,0
DA:32,0
DA:33,0
DA:37,0
DA:38,0
DA:39,0
DA:42,0
DA:45,0
DA:49,0
DA:50,0
DA:51,0
DA:55,0
DA:59,0
DA:60,0
DA:61,0
DA:62,0
DA:70,0
DA:71,0
DA:72,0
DA:76,0
DA:77,0
DA:78,0
DA:79,0
DA:88,0
DA:90,0
DA:93,0
DA:94,0
DA:95,0
DA:98,0
DA:100,0
DA:104,0
DA:106,0
DA:107,0
DA:110,0
DA:111,0
DA:112,0
DA:114,0
DA:118,0
DA:119,0
DA:121,0
DA:122,0
DA:125,0
DA:132,0
DA:133,0
DA:136,0
DA:139,0
DA:148,0
DA:149,0
DA:152,0
DA:155,0
DA:158,0
DA:159,0
DA:160,0
DA:162,0
DA:164,0
DA:165,0
DA:168,0
DA:178,0
DA:179,0
DA:180,0
DA:181,0
DA:183,0
DA:186,0
DA:187,0
DA:188,0
DA:189,0
DA:190,0
DA:191,0
DA:193,0
DA:194,0
DA:195,0
DA:196,0
DA:197,0
DA:213,0
DA:215,0
DA:216,0
DA:219,0
DA:223,0
DA:227,0
LF:85
LH:0
BRDA:49,0,0,0
BRDA:78,1,0,0
BRDA:88,2,0,0
BRDA:98,3,0,0
BRDA:98,4,0,0
BRDA:98,4,1,0
BRDA:98,4,2,0
BRDA:104,5,0,0
BRDA:106,6,0,0
BRDA:106,6,1,0
BRDA:162,7,0,0
BRDA:164,8,0,0
BRDA:196,9,0,0
BRDA:215,10,0,0
BRDA:215,10,1,0
BRF:15
BRH:0
end_of_record
TN:
SF:scripts/entities/enemies/vampire-hunter.ts
FN:32,(anonymous_1)
FN:58,(anonymous_2)
FN:68,(anonymous_3)
FN:79,(anonymous_4)
FN:91,(anonymous_5)
FN:101,(anonymous_6)
FN:115,(anonymous_7)
FN:209,(anonymous_8)
FN:218,(anonymous_9)
FN:252,(anonymous_10)
FNF:10
FNH:0
FNDA:0,(anonymous_1)
FNDA:0,(anonymous_2)
FNDA:0,(anonymous_3)
FNDA:0,(anonymous_4)
FNDA:0,(anonymous_5)
FNDA:0,(anonymous_6)
FNDA:0,(anonymous_7)
FNDA:0,(anonymous_8)
FNDA:0,(anonymous_9)
FNDA:0,(anonymous_10)
DA:1,0
DA:2,0
DA:3,0
DA:4,0
DA:6,0
DA:12,0
DA:34,0
DA:37,0
DA:38,0
DA:39,0
DA:40,0
DA:41,0
DA:42,0
DA:43,0
DA:44,0
DA:45,0
DA:49,0
DA:52,0
DA:55,0
DA:59,0
DA:60,0
DA:61,0
DA:62,0
DA:69,0
DA:70,0
DA:80,0
DA:83,0
DA:84,0
DA:92,0
DA:93,0
DA:94,0
DA:102,0
DA:103,0
DA:105,0
DA:117,0
DA:119,0
DA:122,0
DA:123,0
DA:124,0
DA:127,0
DA:128,0
DA:131,0
DA:134,0
DA:135,0
DA:136,0
DA:138,0
DA:139,0
DA:142,0
DA:143,0
DA:145,0
DA:149,0
DA:150,0
DA:151,0
DA:152,0
DA:155,0
DA:156,0
DA:157,0
DA:158,0
DA:161,0
DA:165,0
DA:166,0
DA:167,0
DA:168,0
DA:170,0
DA:174,0
DA:176,0
DA:177,0
DA:178,0
DA:180,0
DA:181,0
DA:184,0
DA:186,0
DA:187,0
DA:188,0
DA:189,0
DA:192,0
DA:193,0
DA:194,0
DA:197,0
DA:201,0
DA:210,0
DA:220,0
DA:221,0
DA:222,0
DA:223,0
DA:226,0
DA:232,0
DA:245,0
DA:253,0
DA:254,0
DA:258,0
LF:91
LH:0
BRDA:83,0,0,0
BRDA:102,1,0,0
BRDA:102,1,1,0
BRDA:117,2,0,0
BRDA:131,3,0,0
BRDA:131,3,1,0
BRDA:131,3,2,0
BRDA:131,3,3,0
BRDA:134,4,0,0
BRDA:134,4,1,0
BRDA:149,5,0,0
BRDA:149,5,1,0
BRDA:155,6,0,0
BRDA:165,7,0,0
BRDA:165,8,0,0
BRDA:165,8,1,0
BRDA:174,9,0,0
BRDA:174,9,1,0
BRDA:178,10,0,0
BRDA:178,10,1,0
BRDA:184,11,0,0
BRDA:184,11,1,0
BRDA:192,12,0,0
BRDA:192,12,1,0
BRF:24
BRH:0
end_of_record
TN:
SF:scripts/game/applyPassiveSkills.ts
FN:19,applyPurchasedPassiveSkills
FN:29,(anonymous_1)
FN:37,(anonymous_2)
FN:46,(anonymous_3)
FN:58,(anonymous_4)
FN:72,(anonymous_5)
FN:79,(anonymous_6)
FN:106,applySpeedToAutoAttack
FN:136,createSkillApplier
FNF:9
FNH:0
FNDA:0,applyPurchasedPassiveSkills
FNDA:0,(anonymous_1)
FNDA:0,(anonymous_2)
FNDA:0,(anonymous_3)
FNDA:0,(anonymous_4)
FNDA:0,(anonymous_5)
FNDA:0,(anonymous_6)
FNDA:0,applySpeedToAutoAttack
FNDA:0,createSkillApplier
DA:19,0
DA:20,0
DA:22,0
DA:25,0
DA:30,0
DA:31,0
DA:33,0
DA:34,0
DA:39,0
DA:47,0
DA:48,0
DA:50,0
DA:51,0
DA:52,0
DA:55,0
DA:60,0
DA:63,0
DA:64,0
DA:73,0
DA:75,0
DA:76,0
DA:81,0
DA:87,0
DA:88,0
DA:90,0
DA:91,0
DA:93,0
DA:98,0
DA:107,0
DA:109,0
DA:111,0
DA:112,0
DA:114,0
DA:118,0
DA:119,0
DA:122,0
DA:124,0
DA:136,0
DA:141,0
LF:39
LH:0
BRDA:30,0,0,0
BRDA:47,1,0,0
BRDA:63,2,0,0
BRDA:63,3,0,0
BRDA:63,3,1,0
BRDA:73,4,0,0
BRDA:90,5,0,0
BRDA:90,5,1,0
BRDA:109,6,0,0
BRDA:111,7,0,0
BRF:10
BRH:0
end_of_record
TN:
SF:scripts/game/boss-system-fix.ts
FN:10,fixBossSpawnSystem
FN:28,(anonymous_1)
FNF:2
FNH:0
FNDA:0,fixBossSpawnSystem
FNDA:0,(anonymous_1)
DA:2,0
DA:4,0
DA:10,0
DA:11,0
DA:12,0
DA:16,0
DA:19,0
DA:22,0
DA:25,0
DA:28,0
DA:30,0
DA:31,0
DA:32,0
DA:36,0
DA:37,0
DA:38,0
DA:39,0
DA:40,0
DA:41,0
DA:45,0
DA:46,0
DA:47,0
DA:48,0
DA:49,0
DA:53,0
DA:56,0
LF:26
LH:0
BRDA:30,0,0,0
BRDA:37,1,0,0
BRDA:37,2,0,0
BRDA:37,2,1,0
BRDA:45,3,0,0
BRDA:45,4,0,0
BRDA:45,4,1,0
BRF:7
BRH:0
end_of_record
TN:
SF:scripts/game/boss-system-force-fix.ts
FN:13,fixBossSpawnSystem
FN:30,(anonymous_1)
FN:48,(anonymous_2)
FN:66,(anonymous_3)
FN:110,createFallbackWarning
FN:133,(anonymous_5)
FNF:6
FNH:0
FNDA:0,fixBossSpawnSystem
FNDA:0,(anonymous_1)
FNDA:0,(anonymous_2)
FNDA:0,(anonymous_3)
FNDA:0,createFallbackWarning
FNDA:0,(anonymous_5)
DA:4,0
DA:7,0
DA:13,0
DA:14,0
DA:15,0
DA:19,0
DA:22,0
DA:25,0
DA:29,0
DA:30,0
DA:31,0
DA:32,0
DA:34,0
DA:36,0
DA:39,0
DA:40,0
DA:42,0
DA:47,0
DA:48,0
DA:49,0
DA:50,0
DA:52,0
DA:54,0
DA:57,0
DA:58,0
DA:60,0
DA:65,0
DA:66,0
DA:68,0
DA:69,0
DA:70,0
DA:71,0
DA:72,0
DA:74,0
DA:75,0
DA:76,0
DA:80,0
DA:83,0
DA:84,0
DA:85,0
DA:86,0
DA:87,0
DA:91,0
DA:92,0
DA:93,0
DA:94,0
DA:95,0
DA:99,0
DA:102,0
DA:103,0
DA:112,0
DA:113,0
DA:114,0
DA:115,0
DA:116,0
DA:117,0
DA:118,0
DA:119,0
DA:120,0
DA:121,0
DA:122,0
DA:123,0
DA:124,0
DA:125,0
DA:126,0
DA:127,0
DA:130,0
DA:133,0
DA:134,0
DA:135,0
LF:70
LH:0
BRDA:68,0,0,0
BRDA:83,1,0,0
BRDA:83,2,0,0
BRDA:83,2,1,0
BRDA:91,3,0,0
BRDA:91,4,0,0
BRDA:91,4,1,0
BRDA:91,4,2,0
BRDA:134,5,0,0
BRF:9
BRH:0
end_of_record
TN:
SF:scripts/game/boss-system-integration.ts
FN:10,setupBossSystem
FNF:1
FNH:0
FNDA:0,setupBossSystem
DA:2,0
DA:10,0
DA:11,0
DA:12,0
DA:13,0
LF:5
LH:0
BRF:0
BRH:0
end_of_record
TN:
SF:scripts/game/boss-system.ts
FN:42,(anonymous_1)
FN:74,(anonymous_2)
FN:117,(anonymous_3)
FN:135,(anonymous_4)
FN:180,(anonymous_5)
FN:192,(anonymous_6)
FN:221,(anonymous_7)
FN:228,(anonymous_8)
FNF:8
FNH:0
FNDA:0,(anonymous_1)
FNDA:0,(anonymous_2)
FNDA:0,(anonymous_3)
FNDA:0,(anonymous_4)
FNDA:0,(anonymous_5)
FNDA:0,(anonymous_6)
FNDA:0,(anonymous_7)
FNDA:0,(anonymous_8)
DA:2,0
DA:4,0
DA:5,0
DA:6,0
DA:7,0
DA:9,0
DA:14,0
DA:43,0
DA:44,0
DA:47,0
DA:48,0
DA:49,0
DA:50,0
DA:53,0
DA:54,0
DA:57,0
DA:61,0
DA:64,0
DA:65,0
DA:76,0
DA:78,0
DA:79,0
DA:80,0
DA:81,0
DA:83,0
DA:87,0
DA:88,0
DA:89,0
DA:90,0
DA:91,0
DA:92,0
DA:96,0
DA:97,0
DA:100,0
DA:103,0
DA:104,0
DA:107,0
DA:110,0
DA:119,0
DA:122,0
DA:123,0
DA:126,0
DA:128,0
DA:136,0
DA:137,0
DA:140,0
DA:143,0
DA:144,0
DA:145,0
DA:146,0
DA:147,0
DA:148,0
DA:149,0
DA:150,0
DA:151,0
DA:152,0
DA:153,0
DA:154,0
DA:155,0
DA:156,0
DA:157,0
DA:158,0
DA:159,0
DA:162,0
DA:165,0
DA:166,0
DA:167,0
DA:168,0
DA:176,0
DA:180,0
DA:181,0
DA:182,0
DA:193,0
DA:194,0
DA:197,0
DA:200,0
DA:203,0
DA:204,0
DA:205,0
DA:208,0
DA:211,0
DA:212,0
DA:214,0
DA:222,0
DA:229,0
DA:230,0
DA:233,0
DA:234,0
DA:237,0
DA:238,0
DA:239,0
DA:241,0
DA:245,0
LF:93
LH:0
BRDA:76,0,0,0
BRDA:88,1,0,0
BRDA:88,2,0,0
BRDA:88,2,1,0
BRDA:96,3,0,0
BRDA:165,4,0,0
BRDA:181,5,0,0
BRF:7
BRH:0
end_of_record
TN:
SF:scripts/game/game-boss-integration.ts
FN:30,initializeBossSystem
FN:43,(anonymous_1)
FN:55,updateBossSystem
FN:82,addBossMethods
FN:87,(anonymous_4)
FN:143,(anonymous_5)
FN:154,(anonymous_6)
FN:175,(anonymous_7)
FN:200,(anonymous_8)
FN:215,(anonymous_9)
FN:228,(anonymous_10)
FN:269,(anonymous_11)
FN:279,(anonymous_12)
FN:321,(anonymous_13)
FN:334,(anonymous_14)
FN:391,(anonymous_15)
FN:419,(anonymous_16)
FN:429,(anonymous_17)
FN:440,(anonymous_18)
FN:467,(anonymous_19)
FN:482,integrateWithGame
FN:493,(anonymous_21)
FN:503,(anonymous_22)
FN:515,(anonymous_23)
FN:522,(anonymous_24)
FN:531,(anonymous_25)
FN:541,(anonymous_26)
FNF:27
FNH:0
FNDA:0,initializeBossSystem
FNDA:0,(anonymous_1)
FNDA:0,updateBossSystem
FNDA:0,addBossMethods
FNDA:0,(anonymous_4)
FNDA:0,(anonymous_5)
FNDA:0,(anonymous_6)
FNDA:0,(anonymous_7)
FNDA:0,(anonymous_8)
FNDA:0,(anonymous_9)
FNDA:0,(anonymous_10)
FNDA:0,(anonymous_11)
FNDA:0,(anonymous_12)
FNDA:0,(anonymous_13)
FNDA:0,(anonymous_14)
FNDA:0,(anonymous_15)
FNDA:0,(anonymous_16)
FNDA:0,(anonymous_17)
FNDA:0,(anonymous_18)
FNDA:0,(anonymous_19)
FNDA:0,integrateWithGame
FNDA:0,(anonymous_21)
FNDA:0,(anonymous_22)
FNDA:0,(anonymous_23)
FNDA:0,(anonymous_24)
FNDA:0,(anonymous_25)
FNDA:0,(anonymous_26)
DA:2,0
DA:4,0
DA:5,0
DA:6,0
DA:7,0
DA:8,0
DA:11,0
DA:30,0
DA:31,0
DA:34,0
DA:35,0
DA:36,0
DA:37,0
DA:40,0
DA:43,0
DA:44,0
DA:47,0
DA:55,0
DA:57,0
DA:58,0
DA:62,0
DA:63,0
DA:67,0
DA:68,0
DA:69,0
DA:70,0
DA:74,0
DA:82,0
DA:87,0
DA:88,0
DA:89,0
DA:92,0
DA:93,0
DA:94,0
DA:97,0
DA:98,0
DA:99,0
DA:100,0
DA:103,0
DA:107,0
DA:108,0
DA:111,0
DA:112,0
DA:117,0
DA:120,0
DA:123,0
DA:126,0
DA:130,0
DA:132,0
DA:134,0
DA:143,0
DA:145,0
DA:146,0
DA:147,0
DA:154,0
DA:155,0
DA:156,0
DA:159,0
DA:160,0
DA:161,0
DA:165,0
DA:166,0
DA:169,0
DA:175,0
DA:176,0
DA:177,0
DA:180,0
DA:181,0
DA:185,0
DA:187,0
DA:191,0
DA:194,0
DA:200,0
DA:204,0
DA:206,0
DA:207,0
DA:209,0
DA:212,0
DA:215,0
DA:216,0
DA:217,0
DA:218,0
DA:228,0
DA:229,0
DA:232,0
DA:233,0
DA:234,0
DA:235,0
DA:236,0
DA:237,0
DA:238,0
DA:239,0
DA:240,0
DA:241,0
DA:242,0
DA:243,0
DA:244,0
DA:245,0
DA:246,0
DA:247,0
DA:248,0
DA:251,0
DA:254,0
DA:255,0
DA:256,0
DA:257,0
DA:265,0
DA:269,0
DA:270,0
DA:271,0
DA:279,0
DA:280,0
DA:283,0
DA:284,0
DA:285,0
DA:286,0
DA:287,0
DA:288,0
DA:289,0
DA:290,0
DA:291,0
DA:292,0
DA:293,0
DA:294,0
DA:295,0
DA:296,0
DA:297,0
DA:298,0
DA:299,0
DA:302,0
DA:305,0
DA:306,0
DA:307,0
DA:308,0
DA:317,0
DA:321,0
DA:322,0
DA:323,0
DA:334,0
DA:336,0
DA:338,0
DA:340,0
DA:341,0
DA:342,0
DA:343,0
DA:344,0
DA:345,0
DA:346,0
DA:347,0
DA:348,0
DA:351,0
DA:355,0
DA:356,0
DA:357,0
DA:358,0
DA:359,0
DA:360,0
DA:361,0
DA:362,0
DA:363,0
DA:366,0
DA:367,0
DA:368,0
DA:369,0
DA:371,0
DA:372,0
DA:373,0
DA:375,0
DA:376,0
DA:377,0
DA:380,0
DA:381,0
DA:382,0
DA:385,0
DA:388,0
DA:389,0
DA:391,0
DA:392,0
DA:393,0
DA:395,0
DA:397,0
DA:398,0
DA:401,0
DA:404,0
DA:407,0
DA:412,0
DA:419,0
DA:420,0
DA:421,0
DA:423,0
DA:425,0
DA:426,0
DA:429,0
DA:430,0
DA:431,0
DA:440,0
DA:442,0
DA:443,0
DA:446,0
DA:447,0
DA:451,0
DA:452,0
DA:453,0
DA:456,0
DA:457,0
DA:458,0
DA:461,0
DA:467,0
DA:469,0
DA:472,0
DA:474,0
DA:482,0
DA:484,0
DA:486,0
DA:489,0
DA:492,0
DA:493,0
DA:495,0
DA:498,0
DA:502,0
DA:503,0
DA:505,0
DA:508,0
DA:509,0
DA:510,0
DA:514,0
DA:515,0
DA:516,0
DA:517,0
DA:521,0
DA:522,0
DA:523,0
DA:524,0
DA:530,0
DA:531,0
DA:533,0
DA:536,0
DA:540,0
DA:541,0
DA:543,0
DA:546,0
DA:549,0
LF:242
LH:0
BRDA:57,0,0,0
BRDA:62,1,0,0
BRDA:67,2,0,0
BRDA:67,2,1,0
BRDA:69,3,0,0
BRDA:97,4,0,0
BRDA:97,5,0,0
BRDA:97,5,1,0
BRDA:111,6,0,0
BRDA:130,7,0,0
BRDA:130,8,0,0
BRDA:130,8,1,0
BRDA:130,8,2,0
BRDA:130,8,3,0
BRDA:145,9,0,0
BRDA:145,10,0,0
BRDA:145,10,1,0
BRDA:159,11,0,0
BRDA:180,12,0,0
BRDA:180,13,0,0
BRDA:180,13,1,0
BRDA:185,14,0,0
BRDA:204,15,0,0
BRDA:216,16,0,0
BRDA:254,17,0,0
BRDA:270,18,0,0
BRDA:305,19,0,0
BRDA:322,20,0,0
BRDA:338,21,0,0
BRDA:395,22,0,0
BRDA:395,22,1,0
BRDA:423,23,0,0
BRDA:423,24,0,0
BRDA:423,24,1,0
BRDA:430,25,0,0
BRDA:442,26,0,0
BRDA:457,27,0,0
BRDA:457,28,0,0
BRDA:457,28,1,0
BRDA:508,29,0,0
BRDA:516,30,0,0
BRDA:523,31,0,0
BRF:42
BRH:0
end_of_record
TN:
SF:scripts/game/game-loop.ts
FN:12,(anonymous_0)
FN:24,(anonymous_1)
FN:40,(anonymous_2)
FN:48,(anonymous_3)
FN:66,(anonymous_4)
FN:79,(anonymous_5)
FN:91,(anonymous_6)
FNF:7
FNH:0
FNDA:0,(anonymous_0)
FNDA:0,(anonymous_1)
FNDA:0,(anonymous_2)
FNDA:0,(anonymous_3)
FNDA:0,(anonymous_4)
FNDA:0,(anonymous_5)
FNDA:0,(anonymous_6)
DA:5,0
DA:13,0
DA:14,0
DA:15,0
DA:16,0
DA:17,0
DA:25,0
DA:26,0
DA:27,0
DA:28,0
DA:31,0
DA:34,0
DA:41,0
DA:49,0
DA:52,0
DA:53,0
DA:54,0
DA:55,0
DA:57,0
DA:59,0
DA:67,0
DA:70,0
DA:71,0
DA:80,0
DA:81,0
DA:83,0
DA:92,0
DA:93,0
DA:97,0
DA:98,0
DA:101,0
DA:102,0
DA:106,0
DA:110,0
LF:34
LH:0
BRDA:52,0,0,0
BRDA:52,0,1,0
BRDA:70,1,0,0
BRDA:80,2,0,0
BRDA:80,2,1,0
BRDA:92,3,0,0
BRDA:97,4,0,0
BRDA:97,4,1,0
BRDA:101,5,0,0
BRDA:101,6,0,0
BRDA:101,6,1,0
BRF:11
BRH:0
end_of_record
TN:
SF:scripts/game/game-with-bosses.ts
FN:11,(anonymous_0)
FNF:1
FNH:0
FNDA:0,(anonymous_0)
DA:1,0
DA:2,0
DA:3,0
DA:5,0
DA:10,0
DA:13,0
DA:16,0
DA:17,0
DA:21,0
LF:9
LH:0
BRF:0
BRH:0
end_of_record
TN:
SF:scripts/game/input-handler.ts
FN:18,(anonymous_0)
FN:37,(anonymous_1)
FN:82,(anonymous_2)
FN:114,(anonymous_3)
FN:125,(anonymous_4)
FN:146,(anonymous_5)
FN:156,(anonymous_6)
FN:164,(anonymous_7)
FN:172,(anonymous_8)
FN:179,(anonymous_9)
FNF:10
FNH:0
FNDA:0,(anonymous_0)
FNDA:0,(anonymous_1)
FNDA:0,(anonymous_2)
FNDA:0,(anonymous_3)
FNDA:0,(anonymous_4)
FNDA:0,(anonymous_5)
FNDA:0,(anonymous_6)
FNDA:0,(anonymous_7)
FNDA:0,(anonymous_8)
FNDA:0,(anonymous_9)
DA:1,0
DA:8,0
DA:19,0
DA:20,0
DA:23,0
DA:24,0
DA:27,0
DA:28,0
DA:29,0
DA:30,0
DA:38,0
DA:41,0
DA:44,0
DA:46,0
DA:47,0
DA:50,0
DA:52,0
DA:53,0
DA:56,0
DA:58,0
DA:59,0
DA:61,0
DA:63,0
DA:66,0
DA:71,0
DA:75,0
DA:83,0
DA:85,0
DA:87,0
DA:88,0
DA:90,0
DA:91,0
DA:93,0
DA:94,0
DA:96,0
DA:97,0
DA:98,0
DA:100,0
DA:102,0
DA:103,0
DA:104,0
DA:106,0
DA:115,0
DA:118,0
DA:127,0
DA:129,0
DA:134,0
DA:147,0
DA:148,0
DA:157,0
DA:165,0
DA:173,0
DA:180,0
DA:184,0
LF:54
LH:0
BRDA:44,0,0,0
BRDA:44,1,0,0
BRDA:44,1,1,0
BRDA:50,2,0,0
BRDA:50,3,0,0
BRDA:50,3,1,0
BRDA:50,3,2,0
BRDA:56,4,0,0
BRDA:58,5,0,0
BRDA:58,5,1,0
BRDA:66,6,0,0
BRDA:67,7,0,0
BRDA:67,7,1,0
BRDA:67,7,2,0
BRDA:85,8,0,0
BRDA:85,8,1,0
BRDA:85,8,2,0
BRDA:85,8,3,0
BRDA:85,8,4,0
BRDA:97,9,0,0
BRDA:97,10,0,0
BRDA:97,10,1,0
BRDA:103,11,0,0
BRDA:103,12,0,0
BRDA:103,12,1,0
BRDA:129,13,0,0
BRDA:130,14,0,0
BRDA:130,14,1,0
BRDA:130,14,2,0
BRF:29
BRH:0
end_of_record
TN:
SF:scripts/game/level-system.ts
FN:22,(anonymous_1)
FN:23,(anonymous_2)
FN:25,(anonymous_3)
FN:26,(anonymous_4)
FN:28,(anonymous_5)
FN:29,(anonymous_6)
FN:37,(anonymous_7)
FN:79,(anonymous_8)
FN:81,(anonymous_9)
FN:91,(anonymous_10)
FN:129,(anonymous_11)
FN:153,(anonymous_12)
FN:163,(anonymous_13)
FN:171,(anonymous_14)
FN:179,(anonymous_15)
FN:187,(anonymous_16)
FN:194,(anonymous_17)
FNF:17
FNH:0
FNDA:0,(anonymous_1)
FNDA:0,(anonymous_2)
FNDA:0,(anonymous_3)
FNDA:0,(anonymous_4)
FNDA:0,(anonymous_5)
FNDA:0,(anonymous_6)
FNDA:0,(anonymous_7)
FNDA:0,(anonymous_8)
FNDA:0,(anonymous_9)
FNDA:0,(anonymous_10)
FNDA:0,(anonymous_11)
FNDA:0,(anonymous_12)
FNDA:0,(anonymous_13)
FNDA:0,(anonymous_14)
FNDA:0,(anonymous_15)
FNDA:0,(anonymous_16)
FNDA:0,(anonymous_17)
DA:1,0
DA:2,0
DA:3,0
DA:5,0
DA:8,0
DA:19,0
DA:22,0
DA:23,0
DA:25,0
DA:26,0
DA:28,0
DA:29,0
DA:38,0
DA:39,0
DA:42,0
DA:43,0
DA:44,0
DA:47,0
DA:48,0
DA:51,0
DA:52,0
DA:53,0
DA:54,0
DA:56,0
DA:60,0
DA:61,0
DA:62,0
DA:65,0
DA:68,0
DA:71,0
DA:73,0
DA:81,0
DA:93,0
DA:94,0
DA:97,0
DA:100,0
DA:102,0
DA:106,0
DA:107,0
DA:108,0
DA:109,0
DA:111,0
DA:114,0
DA:118,0
DA:119,0
DA:120,0
DA:123,0
DA:131,0
DA:132,0
DA:135,0
DA:137,0
DA:141,0
DA:142,0
DA:143,0
DA:144,0
DA:147,0
DA:150,0
DA:153,0
DA:156,0
DA:164,0
DA:172,0
DA:180,0
DA:188,0
DA:195,0
DA:196,0
DA:197,0
LF:66
LH:0
BRDA:47,0,0,0
BRDA:47,0,1,0
BRDA:100,1,0,0
BRDA:100,1,1,0
BRDA:118,2,0,0
BRDA:135,3,0,0
BRDA:135,3,1,0
BRF:7
BRH:0
end_of_record
TN:
SF:scripts/game/particle-system.ts
FN:20,(anonymous_0)
FN:31,(anonymous_1)
FN:61,(anonymous_2)
FN:78,(anonymous_3)
FN:90,(anonymous_4)
FN:102,(anonymous_5)
FN:128,(anonymous_6)
FN:151,(anonymous_7)
FNF:8
FNH:0
FNDA:0,(anonymous_0)
FNDA:0,(anonymous_1)
FNDA:0,(anonymous_2)
FNDA:0,(anonymous_3)
FNDA:0,(anonymous_4)
FNDA:0,(anonymous_5)
FNDA:0,(anonymous_6)
FNDA:0,(anonymous_7)
DA:1,0
DA:2,0
DA:4,0
DA:10,0
DA:21,0
DA:22,0
DA:23,0
DA:24,0
DA:33,0
DA:34,0
DA:35,0
DA:40,0
DA:41,0
DA:42,0
DA:47,0
DA:48,0
DA:49,0
DA:62,0
DA:68,0
DA:69,0
DA:79,0
DA:80,0
DA:81,0
DA:91,0
DA:92,0
DA:93,0
DA:103,0
DA:105,0
DA:106,0
DA:116,0
DA:118,0
DA:119,0
DA:122,0
DA:129,0
DA:132,0
DA:133,0
DA:135,0
DA:138,0
DA:139,0
DA:141,0
DA:144,0
DA:145,0
DA:147,0
DA:150,0
DA:151,0
DA:152,0
DA:153,0
DA:159,0
LF:48
LH:0
BRDA:31,0,0,0
BRDA:34,1,0,0
BRDA:41,2,0,0
BRDA:48,3,0,0
BRDA:152,4,0,0
BRF:5
BRH:0
end_of_record
TN:
SF:scripts/game/state-manager.ts
FN:19,(anonymous_1)
FN:33,(anonymous_2)
FN:40,(anonymous_3)
FN:42,(anonymous_4)
FN:43,(anonymous_5)
FN:46,(anonymous_6)
FN:47,(anonymous_7)
FN:50,(anonymous_8)
FN:55,(anonymous_9)
FN:58,(anonymous_10)
FN:63,(anonymous_11)
FN:66,(anonymous_12)
FN:77,(anonymous_13)
FN:117,(anonymous_14)
FN:125,(anonymous_15)
FN:132,(anonymous_16)
FN:145,(anonymous_17)
FN:161,(anonymous_18)
FN:190,(anonymous_19)
FN:198,(anonymous_20)
FN:204,(anonymous_21)
FN:232,(anonymous_22)
FN:247,(anonymous_23)
FN:264,(anonymous_24)
FN:270,(anonymous_25)
FN:287,(anonymous_26)
FN:291,(anonymous_27)
FN:297,(anonymous_28)
FN:308,(anonymous_29)
FN:312,(anonymous_30)
FN:318,(anonymous_31)
FN:331,(anonymous_32)
FN:342,(anonymous_33)
FN:348,(anonymous_34)
FN:357,(anonymous_35)
FN:361,(anonymous_36)
FNF:36
FNH:0
FNDA:0,(anonymous_1)
FNDA:0,(anonymous_2)
FNDA:0,(anonymous_3)
FNDA:0,(anonymous_4)
FNDA:0,(anonymous_5)
FNDA:0,(anonymous_6)
FNDA:0,(anonymous_7)
FNDA:0,(anonymous_8)
FNDA:0,(anonymous_9)
FNDA:0,(anonymous_10)
FNDA:0,(anonymous_11)
FNDA:0,(anonymous_12)
FNDA:0,(anonymous_13)
FNDA:0,(anonymous_14)
FNDA:0,(anonymous_15)
FNDA:0,(anonymous_16)
FNDA:0,(anonymous_17)
FNDA:0,(anonymous_18)
FNDA:0,(anonymous_19)
FNDA:0,(anonymous_20)
FNDA:0,(anonymous_21)
FNDA:0,(anonymous_22)
FNDA:0,(anonymous_23)
FNDA:0,(anonymous_24)
FNDA:0,(anonymous_25)
FNDA:0,(anonymous_26)
FNDA:0,(anonymous_27)
FNDA:0,(anonymous_28)
FNDA:0,(anonymous_29)
FNDA:0,(anonymous_30)
FNDA:0,(anonymous_31)
FNDA:0,(anonymous_32)
FNDA:0,(anonymous_33)
FNDA:0,(anonymous_34)
FNDA:0,(anonymous_35)
FNDA:0,(anonymous_36)
DA:1,0
DA:2,0
DA:4,0
DA:9,0
DA:20,0
DA:21,0
DA:22,0
DA:23,0
DA:26,0
DA:34,0
DA:42,0
DA:43,0
DA:44,0
DA:46,0
DA:47,0
DA:48,0
DA:50,0
DA:51,0
DA:55,0
DA:56,0
DA:58,0
DA:59,0
DA:63,0
DA:64,0
DA:66,0
DA:67,0
DA:68,0
DA:79,0
DA:80,0
DA:84,0
DA:85,0
DA:89,0
DA:92,0
DA:95,0
DA:98,0
DA:104,0
DA:108,0
DA:118,0
DA:126,0
DA:133,0
DA:134,0
DA:137,0
DA:147,0
DA:151,0
DA:159,0
DA:162,0
DA:164,0
DA:165,0
DA:166,0
DA:167,0
DA:168,0
DA:169,0
DA:170,0
DA:171,0
DA:172,0
DA:173,0
DA:174,0
DA:175,0
DA:176,0
DA:179,0
DA:182,0
DA:187,0
DA:191,0
DA:193,0
DA:194,0
DA:195,0
DA:205,0
DA:207,0
DA:208,0
DA:209,0
DA:210,0
DA:211,0
DA:212,0
DA:213,0
DA:214,0
DA:215,0
DA:216,0
DA:217,0
DA:218,0
DA:219,0
DA:221,0
DA:227,0
DA:230,0
DA:231,0
DA:232,0
DA:234,0
DA:239,0
DA:244,0
DA:248,0
DA:250,0
DA:251,0
DA:252,0
DA:256,0
DA:261,0
DA:271,0
DA:273,0
DA:278,0
DA:282,0
DA:283,0
DA:284,0
DA:288,0
DA:298,0
DA:300,0
DA:305,0
DA:309,0
DA:319,0
DA:321,0
DA:326,0
DA:332,0
DA:334,0
DA:339,0
DA:349,0
DA:351,0
DA:352,0
DA:358,0
DA:367,0
LF:116
LH:0
BRDA:67,0,0,0
BRDA:79,1,0,0
BRDA:84,2,0,0
BRDA:84,3,0,0
BRDA:84,3,1,0
BRDA:104,4,0,0
BRDA:105,5,0,0
BRDA:105,5,1,0
BRDA:133,6,0,0
BRDA:133,6,1,0
BRDA:147,7,0,0
BRDA:148,8,0,0
BRDA:148,8,1,0
BRDA:182,9,0,0
BRDA:183,10,0,0
BRDA:183,10,1,0
BRDA:183,10,2,0
BRDA:194,11,0,0
BRDA:194,12,0,0
BRDA:194,12,1,0
BRDA:231,13,0,0
BRDA:239,14,0,0
BRDA:240,15,0,0
BRDA:240,15,1,0
BRDA:240,15,2,0
BRDA:251,16,0,0
BRDA:251,17,0,0
BRDA:251,17,1,0
BRDA:256,18,0,0
BRDA:257,19,0,0
BRDA:257,19,1,0
BRDA:257,19,2,0
BRDA:273,20,0,0
BRDA:274,21,0,0
BRDA:274,21,1,0
BRDA:274,21,2,0
BRDA:283,22,0,0
BRDA:300,23,0,0
BRDA:301,24,0,0
BRDA:301,24,1,0
BRDA:301,24,2,0
BRDA:321,25,0,0
BRDA:322,26,0,0
BRDA:322,26,1,0
BRDA:322,26,2,0
BRDA:334,27,0,0
BRDA:335,28,0,0
BRDA:335,28,1,0
BRDA:335,28,2,0
BRDA:351,29,0,0
BRDA:351,30,0,0
BRDA:351,30,1,0
BRF:52
BRH:0
end_of_record
TN:
SF:scripts/game/boss-system/boss-spawn-system.ts
FN:37,(anonymous_0)
FN:73,(anonymous_1)
FN:112,(anonymous_2)
FN:136,(anonymous_3)
FN:181,(anonymous_4)
FN:192,(anonymous_5)
FN:201,(anonymous_6)
FN:208,(anonymous_7)
FNF:8
FNH:0
FNDA:0,(anonymous_0)
FNDA:0,(anonymous_1)
FNDA:0,(anonymous_2)
FNDA:0,(anonymous_3)
FNDA:0,(anonymous_4)
FNDA:0,(anonymous_5)
FNDA:0,(anonymous_6)
FNDA:0,(anonymous_7)
DA:1,0
DA:2,0
DA:3,0
DA:5,0
DA:10,0
DA:38,0
DA:39,0
DA:42,0
DA:43,0
DA:44,0
DA:47,0
DA:48,0
DA:51,0
DA:54,0
DA:58,0
DA:61,0
DA:64,0
DA:75,0
DA:76,0
DA:80,0
DA:81,0
DA:83,0
DA:87,0
DA:88,0
DA:89,0
DA:93,0
DA:95,0
DA:98,0
DA:101,0
DA:104,0
DA:113,0
DA:116,0
DA:119,0
DA:122,0
DA:125,0
DA:128,0
DA:130,0
DA:137,0
DA:140,0
DA:141,0
DA:144,0
DA:145,0
DA:148,0
DA:151,0
DA:152,0
DA:153,0
DA:154,0
DA:155,0
DA:156,0
DA:157,0
DA:158,0
DA:159,0
DA:160,0
DA:161,0
DA:162,0
DA:163,0
DA:164,0
DA:165,0
DA:166,0
DA:167,0
DA:170,0
DA:173,0
DA:174,0
DA:178,0
DA:181,0
DA:182,0
DA:183,0
DA:193,0
DA:202,0
DA:210,0
DA:211,0
DA:214,0
DA:215,0
DA:218,0
DA:220,0
DA:224,0
LF:76
LH:0
BRDA:75,0,0,0
BRDA:75,1,0,0
BRDA:75,1,1,0
BRDA:80,2,0,0
BRDA:80,3,0,0
BRDA:80,3,1,0
BRDA:87,4,0,0
BRDA:87,5,0,0
BRDA:87,5,1,0
BRDA:93,6,0,0
BRDA:173,7,0,0
BRDA:173,8,0,0
BRDA:173,8,1,0
BRDA:182,9,0,0
BRDA:193,10,0,0
BRDA:193,10,1,0
BRF:16
BRH:0
end_of_record
TN:
SF:scripts/game/boss-system/index.ts
FN:7,(anonymous_0)
FNF:1
FNH:0
FNDA:0,(anonymous_0)
DA:5,0
DA:7,0
LF:2
LH:0
BRF:0
BRH:0
end_of_record
TN:
SF:scripts/game/state-store/index.ts
FN:21,(anonymous_1)
FN:30,(anonymous_2)
FN:37,(anonymous_3)
FN:48,(anonymous_4)
FN:67,(anonymous_5)
FN:71,(anonymous_6)
FN:79,(anonymous_7)
FN:134,(anonymous_8)
FN:144,(anonymous_9)
FN:154,(anonymous_10)
FN:156,(anonymous_11)
FN:162,(anonymous_12)
FN:171,(anonymous_13)
FN:185,(anonymous_14)
FNF:14
FNH:0
FNDA:0,(anonymous_1)
FNDA:0,(anonymous_2)
FNDA:0,(anonymous_3)
FNDA:0,(anonymous_4)
FNDA:0,(anonymous_5)
FNDA:0,(anonymous_6)
FNDA:0,(anonymous_7)
FNDA:0,(anonymous_8)
FNDA:0,(anonymous_9)
FNDA:0,(anonymous_10)
FNDA:0,(anonymous_11)
FNDA:0,(anonymous_12)
FNDA:0,(anonymous_13)
FNDA:0,(anonymous_14)
DA:1,0
DA:2,0
DA:3,0
DA:6,0
DA:22,0
DA:23,0
DA:24,0
DA:31,0
DA:38,0
DA:41,0
DA:42,0
DA:45,0
DA:48,0
DA:49,0
DA:50,0
DA:52,0
DA:57,0
DA:68,0
DA:71,0
DA:72,0
DA:80,0
DA:87,0
DA:89,0
DA:107,0
DA:114,0
DA:123,0
DA:135,0
DA:136,0
DA:138,0
DA:145,0
DA:148,0
DA:156,0
DA:157,0
DA:162,0
DA:164,0
DA:165,0
DA:166,0
DA:171,0
DA:172,0
DA:173,0
DA:176,0
DA:177,0
DA:187,0
DA:188,0
DA:189,0
DA:190,0
DA:191,0
DA:192,0
DA:195,0
DA:196,0
DA:197,0
DA:200,0
DA:201,0
DA:202,0
DA:205,0
DA:206,0
DA:208,0
DA:213,0
LF:58
LH:0
BRDA:41,0,0,0
BRDA:135,1,0,0
BRDA:164,2,0,0
BRDA:172,3,0,0
BRF:4
BRH:0
end_of_record
TN:
SF:scripts/models/passive-skill-model.ts
FN:34,(anonymous_0)
FN:45,(anonymous_1)
FN:47,(anonymous_2)
FN:121,(anonymous_3)
FN:144,(anonymous_4)
FN:146,(anonymous_5)
FN:154,(anonymous_6)
FN:165,(anonymous_7)
FN:167,(anonymous_8)
FN:189,(anonymous_9)
FN:191,(anonymous_10)
FN:206,(anonymous_11)
FN:217,(anonymous_12)
FN:219,(anonymous_13)
FN:234,(anonymous_14)
FN:245,(anonymous_15)
FN:247,(anonymous_16)
FN:283,(anonymous_17)
FN:285,(anonymous_18)
FN:323,(anonymous_19)
FN:325,(anonymous_20)
FN:330,(anonymous_21)
FN:362,(anonymous_22)
FN:372,(anonymous_23)
FN:374,(anonymous_24)
FN:378,(anonymous_25)
FN:414,(anonymous_26)
FN:416,(anonymous_27)
FN:418,(anonymous_28)
FNF:29
FNH:0
FNDA:0,(anonymous_0)
FNDA:0,(anonymous_1)
FNDA:0,(anonymous_2)
FNDA:0,(anonymous_3)
FNDA:0,(anonymous_4)
FNDA:0,(anonymous_5)
FNDA:0,(anonymous_6)
FNDA:0,(anonymous_7)
FNDA:0,(anonymous_8)
FNDA:0,(anonymous_9)
FNDA:0,(anonymous_10)
FNDA:0,(anonymous_11)
FNDA:0,(anonymous_12)
FNDA:0,(anonymous_13)
FNDA:0,(anonymous_14)
FNDA:0,(anonymous_15)
FNDA:0,(anonymous_16)
FNDA:0,(anonymous_17)
FNDA:0,(anonymous_18)
FNDA:0,(anonymous_19)
FNDA:0,(anonymous_20)
FNDA:0,(anonymous_21)
FNDA:0,(anonymous_22)
FNDA:0,(anonymous_23)
FNDA:0,(anonymous_24)
FNDA:0,(anonymous_25)
FNDA:0,(anonymous_26)
FNDA:0,(anonymous_27)
FNDA:0,(anonymous_28)
DA:5,0
DA:6,0
DA:7,0
DA:10,0
DA:27,0
DA:29,0
DA:36,0
DA:39,0
DA:46,0
DA:49,0
DA:59,0
DA:69,0
DA:79,0
DA:89,0
DA:99,0
DA:108,0
DA:123,0
DA:125,0
DA:127,0
DA:145,0
DA:146,0
DA:155,0
DA:166,0
DA:168,0
DA:169,0
DA:171,0
DA:190,0
DA:192,0
DA:193,0
DA:195,0
DA:207,0
DA:218,0
DA:220,0
DA:221,0
DA:223,0
DA:235,0
DA:246,0
DA:248,0
DA:249,0
DA:252,0
DA:253,0
DA:254,0
DA:255,0
DA:258,0
DA:259,0
DA:260,0
DA:263,0
DA:264,0
DA:284,0
DA:286,0
DA:287,0
DA:290,0
DA:291,0
DA:294,0
DA:295,0
DA:296,0
DA:297,0
DA:300,0
DA:301,0
DA:302,0
DA:305,0
DA:306,0
DA:324,0
DA:326,0
DA:327,0
DA:330,0
DA:331,0
DA:332,0
DA:333,0
DA:334,0
DA:335,0
DA:336,0
DA:337,0
DA:338,0
DA:345,0
DA:346,0
DA:347,0
DA:348,0
DA:349,0
DA:350,0
DA:352,0
DA:363,0
DA:373,0
DA:375,0
DA:378,0
DA:379,0
DA:380,0
DA:381,0
DA:386,0
DA:387,0
DA:388,0
DA:389,0
DA:390,0
DA:391,0
DA:394,0
DA:395,0
DA:396,0
DA:398,0
DA:415,0
DA:418,0
DA:419,0
DA:420,0
DA:424,0
DA:425,0
DA:426,0
DA:440,0
DA:441,0
LF:107
LH:0
BRDA:125,0,0,0
BRDA:145,1,0,0
BRDA:145,1,1,0
BRDA:168,2,0,0
BRDA:190,3,0,0
BRDA:190,3,1,0
BRDA:192,4,0,0
BRDA:195,5,0,0
BRDA:195,5,1,0
BRDA:218,6,0,0
BRDA:218,6,1,0
BRDA:220,7,0,0
BRDA:223,8,0,0
BRDA:223,8,1,0
BRDA:246,9,0,0
BRDA:246,9,1,0
BRDA:248,10,0,0
BRDA:253,11,0,0
BRDA:284,12,0,0
BRDA:284,12,1,0
BRDA:286,13,0,0
BRDA:290,14,0,0
BRDA:290,15,0,0
BRDA:290,15,1,0
BRDA:295,16,0,0
BRDA:324,17,0,0
BRDA:324,17,1,0
BRDA:331,18,0,0
BRDA:333,19,0,0
BRDA:335,20,0,0
BRDA:335,21,0,0
BRDA:335,21,1,0
BRDA:373,22,0,0
BRDA:373,22,1,0
BRDA:380,23,0,0
BRDA:395,24,0,0
BRDA:415,25,0,0
BRDA:415,25,1,0
BRF:38
BRH:0
end_of_record
TN:
SF:scripts/types/drop-types.ts
FN:4,(anonymous_0)
FNF:1
FNH:0
FNDA:0,(anonymous_0)
DA:4,0
DA:5,0
DA:6,0
DA:7,0
LF:4
LH:0
BRDA:4,0,0,0
BRDA:4,0,1,0
BRF:2
BRH:0
end_of_record
TN:
SF:scripts/types/events.d.ts
FNF:0
FNH:0
LF:0
LH:0
BRF:0
BRH:0
end_of_record
TN:
SF:scripts/types/game-types.ts
FN:8,(anonymous_0)
FNF:1
FNH:0
FNDA:0,(anonymous_0)
DA:8,0
DA:9,0
DA:10,0
DA:11,0
DA:12,0
DA:13,0
DA:14,0
LF:7
LH:0
BRDA:8,0,0,0
BRDA:8,0,1,0
BRF:2
BRH:0
end_of_record
TN:
SF:scripts/types/player.d.ts
FNF:0
FNH:0
LF:0
LH:0
BRF:0
BRH:0
end_of_record
TN:
SF:scripts/ui/PassiveSkillMenu.ts
FN:43,(anonymous_1)
FN:76,(anonymous_2)
FN:83,(anonymous_3)
FN:93,(anonymous_4)
FN:121,(anonymous_5)
FN:132,(anonymous_6)
FN:136,(anonymous_7)
FN:157,(anonymous_8)
FN:176,(anonymous_9)
FN:247,(anonymous_10)
FN:255,(anonymous_11)
FN:266,(anonymous_12)
FN:278,(anonymous_13)
FN:284,(anonymous_14)
FN:295,(anonymous_15)
FN:308,(anonymous_16)
FN:354,(anonymous_17)
FN:370,(anonymous_18)
FN:371,(anonymous_19)
FN:378,(anonymous_20)
FN:393,(anonymous_21)
FN:412,(anonymous_22)
FN:442,(anonymous_23)
FN:471,(anonymous_24)
FN:522,(anonymous_25)
FN:534,(anonymous_26)
FN:557,(anonymous_27)
FN:561,(anonymous_28)
FN:576,(anonymous_29)
FN:588,(anonymous_30)
FN:611,(anonymous_31)
FN:636,(anonymous_32)
FN:672,(anonymous_33)
FN:680,(anonymous_34)
FNF:34
FNH:0
FNDA:0,(anonymous_1)
FNDA:0,(anonymous_2)
FNDA:0,(anonymous_3)
FNDA:0,(anonymous_4)
FNDA:0,(anonymous_5)
FNDA:0,(anonymous_6)
FNDA:0,(anonymous_7)
FNDA:0,(anonymous_8)
FNDA:0,(anonymous_9)
FNDA:0,(anonymous_10)
FNDA:0,(anonymous_11)
FNDA:0,(anonymous_12)
FNDA:0,(anonymous_13)
FNDA:0,(anonymous_14)
FNDA:0,(anonymous_15)
FNDA:0,(anonymous_16)
FNDA:0,(anonymous_17)
FNDA:0,(anonymous_18)
FNDA:0,(anonymous_19)
FNDA:0,(anonymous_20)
FNDA:0,(anonymous_21)
FNDA:0,(anonymous_22)
FNDA:0,(anonymous_23)
FNDA:0,(anonymous_24)
FNDA:0,(anonymous_25)
FNDA:0,(anonymous_26)
FNDA:0,(anonymous_27)
FNDA:0,(anonymous_28)
FNDA:0,(anonymous_29)
FNDA:0,(anonymous_30)
FNDA:0,(anonymous_31)
FNDA:0,(anonymous_32)
FNDA:0,(anonymous_33)
FNDA:0,(anonymous_34)
DA:3,0
DA:6,0
DA:7,0
DA:8,0
DA:9,0
DA:10,0
DA:11,0
DA:14,0
DA:20,0
DA:24,0
DA:25,0
DA:26,0
DA:27,0
DA:35,0
DA:37,0
DA:45,0
DA:46,0
DA:47,0
DA:48,0
DA:49,0
DA:52,0
DA:55,0
DA:56,0
DA:57,0
DA:60,0
DA:63,0
DA:66,0
DA:69,0
DA:77,0
DA:84,0
DA:95,0
DA:98,0
DA:99,0
DA:103,0
DA:104,0
DA:105,0
DA:107,0
DA:111,0
DA:112,0
DA:115,0
DA:122,0
DA:133,0
DA:136,0
DA:137,0
DA:138,0
DA:139,0
DA:140,0
DA:142,0
DA:147,0
DA:148,0
DA:151,0
DA:158,0
DA:160,0
DA:161,0
DA:163,0
DA:164,0
DA:165,0
DA:167,0
DA:170,0
DA:177,0
DA:179,0
DA:182,0
DA:185,0
DA:191,0
DA:194,0
DA:199,0
DA:204,0
DA:209,0
DA:212,0
DA:214,0
DA:220,0
DA:227,0
DA:232,0
DA:233,0
DA:234,0
DA:237,0
DA:240,0
DA:249,0
DA:257,0
DA:260,0
DA:261,0
DA:262,0
DA:263,0
DA:266,0
DA:267,0
DA:268,0
DA:271,0
DA:276,0
DA:278,0
DA:279,0
DA:280,0
DA:282,0
DA:283,0
DA:284,0
DA:285,0
DA:287,0
DA:296,0
DA:297,0
DA:299,0
DA:310,0
DA:312,0
DA:313,0
DA:314,0
DA:317,0
DA:320,0
DA:321,0
DA:322,0
DA:323,0
DA:324,0
DA:327,0
DA:330,0
DA:333,0
DA:334,0
DA:335,0
DA:336,0
DA:338,0
DA:339,0
DA:340,0
DA:341,0
DA:343,0
DA:347,0
DA:355,0
DA:356,0
DA:359,0
DA:360,0
DA:361,0
DA:364,0
DA:371,0
DA:372,0
DA:379,0
DA:380,0
DA:383,0
DA:384,0
DA:387,0
DA:395,0
DA:398,0
DA:401,0
DA:404,0
DA:406,0
DA:414,0
DA:415,0
DA:418,0
DA:421,0
DA:424,0
DA:428,0
DA:431,0
DA:434,0
DA:436,0
DA:444,0
DA:445,0
DA:448,0
DA:449,0
DA:450,0
DA:454,0
DA:455,0
DA:456,0
DA:458,0
DA:461,0
DA:464,0
DA:465,0
DA:468,0
DA:471,0
DA:473,0
DA:474,0
DA:475,0
DA:478,0
DA:481,0
DA:498,0
DA:501,0
DA:502,0
DA:504,0
DA:505,0
DA:508,0
DA:509,0
DA:514,0
DA:516,0
DA:524,0
DA:525,0
DA:528,0
DA:536,0
DA:538,0
DA:539,0
DA:540,0
DA:544,0
DA:546,0
DA:547,0
DA:550,0
DA:551,0
DA:559,0
DA:561,0
DA:563,0
DA:564,0
DA:566,0
DA:567,0
DA:578,0
DA:579,0
DA:582,0
DA:585,0
DA:588,0
DA:589,0
DA:590,0
DA:592,0
DA:594,0
DA:595,0
DA:597,0
DA:598,0
DA:600,0
DA:612,0
DA:615,0
DA:617,0
DA:618,0
DA:621,0
DA:622,0
DA:625,0
DA:626,0
DA:629,0
DA:637,0
DA:640,0
DA:641,0
DA:642,0
DA:643,0
DA:647,0
DA:650,0
DA:653,0
DA:654,0
DA:657,0
DA:658,0
DA:659,0
DA:664,0
DA:665,0
DA:673,0
DA:677,0
DA:680,0
DA:681,0
DA:682,0
DA:683,0
DA:686,0
DA:687,0
DA:691,0
DA:692,0
DA:693,0
DA:698,0
DA:702,0
LF:243
LH:0
BRDA:93,0,0,0
BRDA:95,1,0,0
BRDA:95,1,1,0
BRDA:95,2,0,0
BRDA:95,2,1,0
BRDA:95,3,0,0
BRDA:95,3,1,0
BRDA:98,4,0,0
BRDA:99,5,0,0
BRDA:99,5,1,0
BRDA:104,6,0,0
BRDA:104,6,1,0
BRDA:111,7,0,0
BRDA:132,8,0,0
BRDA:137,9,0,0
BRDA:137,9,1,0
BRDA:139,10,0,0
BRDA:139,10,1,0
BRDA:147,11,0,0
BRDA:160,12,0,0
BRDA:160,12,1,0
BRDA:164,13,0,0
BRDA:177,14,0,0
BRDA:260,15,0,0
BRDA:260,15,1,0
BRDA:261,16,0,0
BRDA:280,17,0,0
BRDA:280,17,1,0
BRDA:282,18,0,0
BRDA:282,18,1,0
BRDA:296,19,0,0
BRDA:296,19,1,0
BRDA:312,20,0,0
BRDA:333,21,0,0
BRDA:333,21,1,0
BRDA:333,22,0,0
BRDA:333,22,1,0
BRDA:335,23,0,0
BRDA:338,24,0,0
BRDA:338,24,1,0
BRDA:355,25,0,0
BRDA:379,26,0,0
BRDA:379,27,0,0
BRDA:379,27,1,0
BRDA:414,28,0,0
BRDA:444,29,0,0
BRDA:444,30,0,0
BRDA:444,30,1,0
BRDA:448,31,0,0
BRDA:454,32,0,0
BRDA:504,33,0,0
BRDA:508,34,0,0
BRDA:524,35,0,0
BRDA:538,36,0,0
BRDA:564,37,0,0
BRDA:566,38,0,0
BRDA:592,39,0,0
BRDA:594,40,0,0
BRDA:597,41,0,0
BRDA:597,41,1,0
BRDA:615,42,0,0
BRDA:615,42,1,0
BRDA:641,43,0,0
BRDA:657,44,0,0
BRDA:664,45,0,0
BRDA:686,46,0,0
BRDA:692,47,0,0
BRF:67
BRH:0
[...]
DA:1,0
DA:2,0
DA:3,0
DA:4,0
DA:5,0
DA:13,0
DA:28,0
DA:29,0
DA:30,0
DA:33,0
DA:34,0
DA:38,0
DA:39,0
DA:42,0
DA:43,0
DA:46,0
DA:49,0
DA:57,0
DA:59,0
DA:61,0
DA:62,0
DA:63,0
DA:73,0
DA:74,0
DA:75,0
DA:80,0
DA:81,0
DA:82,0
DA:83,0
DA:93,0
DA:94,0
DA:97,0
DA:98,0
DA:106,0
DA:107,0
DA:114,0
DA:115,0
DA:118,0
DA:129,0
DA:136,0
DA:138,0
DA:139,0
DA:146,0
DA:153,0
DA:154,0
DA:155,0
DA:159,0
DA:160,0
DA:163,0
DA:164,0
DA:177,0
DA:180,0
DA:181,0
DA:182,0
DA:185,0
DA:186,0
DA:187,0
DA:188,0
DA:189,0
DA:190,0
DA:193,0
DA:194,0
DA:195,0
DA:196,0
DA:197,0
DA:211,0
DA:219,0
DA:222,0
DA:225,0
DA:226,0
DA:235,0
DA:236,0
DA:239,0
DA:240,0
DA:243,0
DA:244,0
DA:247,0
DA:250,0
DA:253,0
DA:257,0
LF:80
LH:0
BRDA:59,0,0,0
BRDA:62,1,0,0
BRDA:73,2,0,0
BRDA:81,3,0,0
BRDA:114,4,0,0
BRDA:116,5,0,0
BRDA:116,5,1,0
BRDA:154,6,0,0
BRDA:159,7,0,0
BRDA:163,8,0,0
BRDA:181,9,0,0
BRDA:196,10,0,0
BRDA:225,11,0,0
BRF:13
BRH:0
end_of_record
TN:
SF:scripts/utils/asset-manager.ts
FN:24,(anonymous_0)
FN:49,(anonymous_1)
FN:61,(anonymous_2)
FN:73,(anonymous_3)
FN:85,(anonymous_4)
FN:95,(anonymous_5)
FN:125,(anonymous_6)
FN:149,(anonymous_7)
FN:161,(anonymous_8)
FN:162,(anonymous_9)
FN:163,(anonymous_10)
FN:166,(anonymous_11)
FN:173,(anonymous_12)
FN:187,(anonymous_13)
FN:188,(anonymous_14)
FN:189,(anonymous_15)
FN:192,(anonymous_16)
FN:199,(anonymous_17)
FN:214,(anonymous_18)
FN:215,(anonymous_19)
FN:216,(anonymous_20)
FN:222,(anonymous_21)
FN:231,(anonymous_22)
FN:245,(anonymous_23)
FN:246,(anonymous_24)
FN:248,(anonymous_25)
FN:254,(anonymous_26)
FN:267,(anonymous_27)
FN:280,(anonymous_28)
FN:289,(anonymous_29)
FN:304,(anonymous_30)
FN:313,(anonymous_31)
FN:324,(anonymous_32)
FN:336,(anonymous_33)
FNF:34
FNH:0
FNDA:0,(anonymous_0)
FNDA:0,(anonymous_1)
FNDA:0,(anonymous_2)
FNDA:0,(anonymous_3)
FNDA:0,(anonymous_4)
FNDA:0,(anonymous_5)
FNDA:0,(anonymous_6)
FNDA:0,(anonymous_7)
FNDA:0,(anonymous_8)
FNDA:0,(anonymous_9)
FNDA:0,(anonymous_10)
FNDA:0,(anonymous_11)
FNDA:0,(anonymous_12)
FNDA:0,(anonymous_13)
FNDA:0,(anonymous_14)
FNDA:0,(anonymous_15)
FNDA:0,(anonymous_16)
FNDA:0,(anonymous_17)
FNDA:0,(anonymous_18)
FNDA:0,(anonymous_19)
FNDA:0,(anonymous_20)
FNDA:0,(anonymous_21)
FNDA:0,(anonymous_22)
FNDA:0,(anonymous_23)
FNDA:0,(anonymous_24)
FNDA:0,(anonymous_25)
FNDA:0,(anonymous_26)
FNDA:0,(anonymous_27)
FNDA:0,(anonymous_28)
FNDA:0,(anonymous_29)
FNDA:0,(anonymous_30)
FNDA:0,(anonymous_31)
FNDA:0,(anonymous_32)
FNDA:0,(anonymous_33)
DA:1,0
DA:6,0
DA:26,0
DA:27,0
DA:28,0
DA:29,0
DA:32,0
DA:33,0
DA:34,0
DA:37,0
DA:38,0
DA:39,0
DA:40,0
DA:50,0
DA:51,0
DA:52,0
DA:62,0
DA:63,0
DA:64,0
DA:74,0
DA:75,0
DA:76,0
DA:86,0
DA:87,0
DA:88,0
DA:102,0
DA:103,0
DA:106,0
DA:107,0
DA:110,0
DA:113,0
DA:114,0
DA:115,0
DA:116,0
DA:119,0
DA:126,0
DA:129,0
DA:137,0
DA:138,0
DA:139,0
DA:140,0
DA:142,0
DA:150,0
DA:151,0
DA:152,0
DA:162,0
DA:163,0
DA:164,0
DA:166,0
DA:167,0
DA:168,0
DA:169,0
DA:170,0
DA:173,0
DA:174,0
DA:177,0
DA:188,0
DA:189,0
DA:190,0
DA:192,0
DA:193,0
DA:194,0
DA:195,0
DA:196,0
DA:199,0
DA:200,0
DA:203,0
DA:204,0
DA:215,0
DA:216,0
DA:218,0
DA:220,0
DA:224,0
DA:225,0
DA:227,0
DA:228,0
DA:229,0
DA:232,0
DA:246,0
DA:247,0
DA:249,0
DA:250,0
DA:252,0
DA:255,0
DA:256,0
DA:257,0
DA:258,0
DA:268,0
DA:281,0
DA:291,0
DA:292,0
DA:293,0
DA:296,0
DA:305,0
DA:314,0
DA:329,0
DA:330,0
DA:331,0
DA:334,0
DA:335,0
DA:336,0
DA:337,0
DA:340,0
DA:347,0
DA:349,0
LF:105
LH:0
BRDA:102,0,0,0
BRDA:249,1,0,0
BRDA:292,2,0,0
BRDA:326,3,0,0
BRDA:327,4,0,0
BRDA:330,5,0,0
BRF:6
BRH:0
end_of_record
TN:
SF:scripts/utils/collision.ts
FN:31,rectangleCollision
FN:50,pointInRectangle
FN:72,pointInCircle
FN:90,circleRectangleCollision
FN:114,distance
FN:136,pointNearLine
FNF:6
FNH:0
FNDA:0,rectangleCollision
FNDA:0,pointInRectangle
FNDA:0,pointInCircle
FNDA:0,circleRectangleCollision
FNDA:0,distance
FNDA:0,pointNearLine
DA:31,0
DA:35,0
DA:50,0
DA:55,0
DA:72,0
DA:79,0
DA:80,0
DA:81,0
DA:90,0
DA:95,0
DA:96,0
DA:99,0
DA:100,0
DA:103,0
DA:114,0
DA:120,0
DA:121,0
DA:122,0
DA:136,0
DA:147,0
DA:151,0
DA:152,0
DA:156,0
DA:166,0
DA:167,0
DA:170,0
DA:173,0
LF:27
LH:0
BRDA:36,0,0,0
BRDA:36,0,1,0
BRDA:36,0,2,0
BRDA:36,0,3,0
BRDA:56,1,0,0
BRDA:56,1,1,0
BRDA:56,1,2,0
BRDA:56,1,3,0
BRDA:151,2,0,0
BRF:9
BRH:0
end_of_record
TN:
SF:scripts/utils/dom-templates.ts
FN:23,(anonymous_0)
FN:31,(anonymous_1)
FN:41,(anonymous_2)
FN:61,(anonymous_3)
FN:79,(anonymous_4)
FN:85,(anonymous_5)
FN:100,(anonymous_6)
FN:120,(anonymous_7)
FN:158,(anonymous_8)
FN:193,(anonymous_9)
FN:214,(anonymous_10)
FN:231,(anonymous_11)
FN:245,(anonymous_12)
FN:258,(anonymous_13)
FN:273,(anonymous_14)
FN:291,(anonymous_15)
FN:306,(anonymous_16)
FN:334,(anonymous_17)
FN:345,(anonymous_18)
FN:374,(anonymous_19)
FN:390,(anonymous_20)
FN:402,(anonymous_21)
FN:403,(anonymous_22)
FN:404,(anonymous_23)
FN:405,(anonymous_24)
FN:406,(anonymous_25)
FN:407,(anonymous_26)
FN:408,(anonymous_27)
FN:409,(anonymous_28)
FN:410,(anonymous_29)
FN:411,(anonymous_30)
FN:412,(anonymous_31)
FN:413,(anonymous_32)
FNF:33
FNH:0
FNDA:0,(anonymous_0)
FNDA:0,(anonymous_1)
FNDA:0,(anonymous_2)
FNDA:0,(anonymous_3)
FNDA:0,(anonymous_4)
FNDA:0,(anonymous_5)
FNDA:0,(anonymous_6)
FNDA:0,(anonymous_7)
FNDA:0,(anonymous_8)
FNDA:0,(anonymous_9)
FNDA:0,(anonymous_10)
FNDA:0,(anonymous_11)
FNDA:0,(anonymous_12)
FNDA:0,(anonymous_13)
FNDA:0,(anonymous_14)
FNDA:0,(anonymous_15)
FNDA:0,(anonymous_16)
FNDA:0,(anonymous_17)
FNDA:0,(anonymous_18)
FNDA:0,(anonymous_19)
FNDA:0,(anonymous_20)
FNDA:0,(anonymous_21)
FNDA:0,(anonymous_22)
FNDA:0,(anonymous_23)
FNDA:0,(anonymous_24)
FNDA:0,(anonymous_25)
FNDA:0,(anonymous_26)
FNDA:0,(anonymous_27)
FNDA:0,(anonymous_28)
FNDA:0,(anonymous_29)
FNDA:0,(anonymous_30)
FNDA:0,(anonymous_31)
FNDA:0,(anonymous_32)
DA:6,0
DA:23,0
DA:24,0
DA:32,0
DA:42,0
DA:43,0
DA:44,0
DA:45,0
DA:47,0
DA:48,0
DA:50,0
DA:51,0
DA:62,0
DA:63,0
DA:64,0
DA:65,0
DA:66,0
DA:68,0
DA:69,0
DA:80,0
DA:81,0
DA:82,0
DA:83,0
DA:84,0
DA:85,0
DA:88,0
DA:89,0
DA:105,0
DA:106,0
DA:107,0
DA:108,0
DA:110,0
DA:125,0
DA:126,0
DA:127,0
DA:130,0
DA:131,0
DA:132,0
DA:133,0
DA:135,0
DA:136,0
DA:142,0
DA:158,0
DA:168,0
DA:170,0
DA:193,0
DA:200,0
DA:202,0
DA:214,0
DA:215,0
DA:231,0
DA:232,0
DA:245,0
DA:246,0
DA:248,0
DA:258,0
DA:259,0
DA:273,0
DA:274,0
DA:276,0
DA:291,0
DA:292,0
DA:293,0
DA:295,0
DA:306,0
DA:307,0
DA:334,0
DA:335,0
DA:338,0
DA:339,0
DA:340,0
DA:344,0
DA:345,0
DA:346,0
DA:354,0
DA:374,0
DA:375,0
DA:377,0
DA:390,0
DA:391,0
DA:393,0
DA:401,0
DA:402,0
DA:403,0
DA:404,0
DA:405,0
DA:406,0
DA:407,0
DA:408,0
DA:409,0
DA:410,0
DA:411,0
DA:412,0
DA:413,0
DA:416,0
LF:95
LH:0
BRDA:43,0,0,0
BRDA:66,1,0,0
BRDA:66,1,1,0
BRDA:106,2,0,0
BRDA:125,3,0,0
BRDA:160,4,0,0
BRDA:161,5,0,0
BRDA:162,6,0,0
BRDA:163,7,0,0
BRDA:164,8,0,0
BRDA:165,9,0,0
BRDA:166,10,0,0
BRDA:167,11,0,0
BRDA:172,12,0,0
BRDA:172,12,1,0
BRDA:195,13,0,0
BRDA:196,14,0,0
BRDA:197,15,0,0
BRDA:198,16,0,0
BRDA:204,17,0,0
BRDA:204,17,1,0
BRDA:246,18,0,0
BRDA:246,19,0,0
BRDA:274,20,0,0
BRDA:277,21,0,0
BRDA:277,21,1,0
BRDA:278,22,0,0
BRDA:278,22,1,0
BRDA:335,23,0,0
BRDA:335,24,0,0
BRDA:340,25,0,0
BRDA:340,25,1,0
BRDA:356,26,0,0
BRDA:356,26,1,0
BRDA:361,27,0,0
BRDA:361,27,1,0
BRDA:362,28,0,0
BRDA:362,28,1,0
BRDA:391,29,0,0
BRF:39
BRH:0
end_of_record
TN:
SF:scripts/utils/dom.ts
FN:70,createElement
FN:99,(anonymous_1)
FN:120,clearElement
FN:131,setStyles
FN:146,createProgressBar
FN:171,(anonymous_5)
FN:183,createTooltip
FN:206,positionElement
FNF:8
FNH:0
FNDA:0,createElement
FNDA:0,(anonymous_1)
FNDA:0,clearElement
FNDA:0,setStyles
FNDA:0,createProgressBar
FNDA:0,(anonymous_5)
FNDA:0,createTooltip
FNDA:0,positionElement
DA:70,0
DA:75,0
DA:78,0
DA:79,0
DA:80,0
DA:83,0
DA:84,0
DA:85,0
DA:86,0
DA:87,0
DA:88,0
DA:92,0
DA:97,0
DA:98,0
DA:99,0
DA:100,0
DA:101,0
DA:102,0
DA:103,0
DA:106,0
DA:107,0
DA:108,0
DA:109,0
DA:113,0
DA:120,0
DA:121,0
DA:122,0
DA:131,0
DA:135,0
DA:136,0
DA:146,0
DA:151,0
DA:154,0
DA:165,0
DA:168,0
DA:172,0
DA:183,0
DA:188,0
DA:191,0
DA:206,0
DA:212,0
DA:213,0
DA:215,0
DA:216,0
DA:218,0
DA:219,0
DA:222,0
DA:223,0
DA:226,0
DA:227,0
DA:230,0
LF:51
LH:0
BRDA:72,0,0,0
BRDA:73,1,0,0
BRDA:79,2,0,0
BRDA:79,3,0,0
BRDA:79,3,1,0
BRDA:83,4,0,0
BRDA:83,4,1,0
BRDA:85,5,0,0
BRDA:85,5,1,0
BRDA:85,6,0,0
BRDA:85,6,1,0
BRDA:87,7,0,0
BRDA:87,8,0,0
BRDA:87,8,1,0
BRDA:97,9,0,0
BRDA:98,10,0,0
BRDA:98,10,1,0
BRDA:100,11,0,0
BRDA:100,11,1,0
BRDA:102,12,0,0
BRDA:106,13,0,0
BRDA:106,13,1,0
BRDA:108,14,0,0
BRDA:147,15,0,0
BRDA:148,16,0,0
BRDA:155,17,0,0
BRDA:155,17,1,0
BRDA:156,18,0,0
BRDA:156,18,1,0
BRDA:157,19,0,0
BRDA:157,19,1,0
BRDA:158,20,0,0
BRDA:158,20,1,0
BRDA:159,21,0,0
BRDA:159,21,1,0
BRDA:160,22,0,0
BRDA:160,22,1,0
BRDA:185,23,0,0
BRDA:193,24,0,0
BRDA:193,24,1,0
BRDA:194,25,0,0
BRDA:194,25,1,0
BRDA:195,26,0,0
BRDA:195,26,1,0
BRDA:210,27,0,0
BRDA:212,28,0,0
BRDA:212,28,1,0
BRDA:213,29,0,0
BRDA:213,29,1,0
BRDA:218,30,0,0
BRDA:222,31,0,0
BRF:51
BRH:0
end_of_record
TN:
SF:scripts/utils/error-handler.ts
FN:11,(anonymous_0)
FN:18,(anonymous_1)
FN:51,createError
FN:83,handleError
FN:148,tryCatch
FN:188,tryCatchAsync
FN:238,isGameError
FN:254,registerGlobalErrorHandler
FN:255,(anonymous_8)
FN:273,(anonymous_9)
FNF:10
FNH:0
FNDA:0,(anonymous_0)
FNDA:0,(anonymous_1)
FNDA:0,createError
FNDA:0,handleError
FNDA:0,tryCatch
FNDA:0,tryCatchAsync
FNDA:0,isGameError
FNDA:0,registerGlobalErrorHandler
FNDA:0,(anonymous_8)
FNDA:0,(anonymous_9)
DA:5,0
DA:8,0
DA:11,0
DA:12,0
DA:13,0
DA:14,0
DA:18,0
DA:19,0
DA:20,0
DA:21,0
DA:22,0
DA:23,0
DA:24,0
DA:25,0
DA:26,0
DA:51,0
DA:62,0
DA:65,0
DA:66,0
DA:67,0
DA:68,0
DA:69,0
DA:70,0
DA:71,0
DA:73,0
DA:83,0
DA:88,0
DA:96,0
DA:99,0
DA:111,0
DA:113,0
DA:114,0
DA:116,0
DA:117,0
DA:119,0
DA:120,0
DA:124,0
DA:125,0
DA:126,0
DA:129,0
DA:133,0
DA:137,0
DA:148,0
DA:160,0
DA:161,0
DA:163,0
DA:175,0
DA:176,0
DA:188,0
DA:200,0
DA:201,0
DA:203,0
DA:215,0
DA:216,0
DA:217,0
DA:220,0
DA:227,0
DA:228,0
DA:238,0
DA:239,0
DA:254,0
DA:255,0
DA:256,0
DA:263,0
DA:265,0
DA:266,0
DA:270,0
DA:273,0
DA:274,0
DA:281,0
DA:283,0
DA:284,0
DA:288,0
DA:291,0
DA:295,0
LF:75
LH:0
BRDA:11,0,0,0
BRDA:11,0,1,0
BRDA:18,1,0,0
BRDA:18,1,1,0
BRDA:53,2,0,0
BRDA:65,3,0,0
BRDA:65,3,1,0
BRDA:66,4,0,0
BRDA:66,4,1,0
BRDA:67,5,0,0
BRDA:67,5,1,0
BRDA:68,6,0,0
BRDA:68,6,1,0
BRDA:88,7,0,0
BRDA:88,7,1,0
BRDA:91,8,0,0
BRDA:91,8,1,0
BRDA:96,9,0,0
BRDA:96,9,1,0
BRDA:111,10,0,0
BRDA:111,10,1,0
BRDA:111,10,2,0
BRDA:124,11,0,0
BRDA:124,12,0,0
BRDA:124,12,1,0
BRDA:150,13,0,0
BRDA:164,14,0,0
BRDA:164,14,1,0
BRDA:164,15,0,0
BRDA:164,15,1,0
BRDA:190,16,0,0
BRDA:204,17,0,0
BRDA:204,17,1,0
BRDA:204,18,0,0
BRDA:204,18,1,0
BRDA:215,19,0,0
BRDA:215,20,0,0
BRDA:215,20,1,0
BRDA:240,21,0,0
BRDA:240,21,1,0
BRDA:240,21,2,0
BRDA:240,21,3,0
BRDA:240,21,4,0
BRDA:240,21,5,0
BRDA:265,22,0,0
BRDA:283,23,0,0
BRDA:284,24,0,0
BRDA:284,24,1,0
BRF:48
BRH:0
end_of_record
TN:
SF:scripts/utils/error-ui.ts
FN:15,showErrorToast
FN:77,(anonymous_1)
FN:90,showCriticalError
FN:116,(anonymous_3)
FN:128,showStorageWarning
FN:149,(anonymous_5)
FN:170,showGameError
FN:206,(anonymous_7)
FN:223,removeGameError
FNF:9
FNH:0
FNDA:0,showErrorToast
FNDA:0,(anonymous_1)
FNDA:0,showCriticalError
FNDA:0,(anonymous_3)
FNDA:0,showStorageWarning
FNDA:0,(anonymous_5)
FNDA:0,showGameError
FNDA:0,(anonymous_7)
FNDA:0,removeGameError
DA:4,0
DA:5,0
DA:8,0
DA:15,0
DA:20,0
DA:23,0
DA:24,0
DA:25,0
DA:26,0
DA:27,0
DA:28,0
DA:29,0
DA:30,0
DA:34,0
DA:35,0
DA:38,0
DA:39,0
DA:41,0
DA:42,0
DA:43,0
DA:45,0
DA:47,0
DA:48,0
DA:50,0
DA:51,0
DA:53,0
DA:54,0
DA:58,0
DA:61,0
DA:65,0
DA:71,0
DA:74,0
DA:77,0
DA:78,0
DA:79,0
DA:83,0
DA:90,0
DA:92,0
DA:93,0
DA:97,0
DA:98,0
DA:101,0
DA:111,0
DA:114,0
DA:115,0
DA:116,0
DA:117,0
DA:121,0
DA:128,0
DA:130,0
DA:131,0
DA:135,0
DA:136,0
DA:137,0
DA:140,0
DA:141,0
DA:142,0
DA:143,0
DA:144,0
DA:145,0
DA:146,0
DA:149,0
DA:150,0
DA:151,0
DA:156,0
DA:159,0
DA:161,0
DA:170,0
DA:172,0
DA:173,0
DA:175,0
DA:176,0
DA:180,0
DA:181,0
DA:182,0
DA:183,0
DA:184,0
DA:185,0
DA:186,0
DA:187,0
DA:188,0
DA:189,0
DA:190,0
DA:191,0
DA:192,0
DA:193,0
DA:194,0
DA:195,0
DA:196,0
DA:199,0
DA:202,0
DA:205,0
DA:206,0
DA:207,0
DA:208,0
DA:213,0
DA:216,0
DA:223,0
DA:224,0
DA:225,0
DA:226,0
DA:231,0
LF:102
LH:0
BRDA:17,0,0,0
BRDA:23,1,0,0
BRDA:41,2,0,0
BRDA:41,2,1,0
BRDA:43,3,0,0
BRDA:43,3,1,0
BRDA:45,4,0,0
BRDA:45,4,1,0
BRDA:45,4,2,0
BRDA:61,5,0,0
BRDA:61,5,1,0
BRDA:78,6,0,0
BRDA:92,7,0,0
BRDA:115,8,0,0
BRDA:130,9,0,0
BRDA:150,10,0,0
BRDA:170,11,0,0
BRDA:173,12,0,0
BRDA:205,13,0,0
BRDA:207,14,0,0
BRDA:224,15,0,0
BRDA:224,16,0,0
BRDA:224,16,1,0
BRF:23
BRH:0
end_of_record
TN:
SF:scripts/utils/event-system.ts
FN:21,(anonymous_0)
FN:32,(anonymous_1)
FN:44,(anonymous_2)
FN:57,(anonymous_3)
FN:83,(anonymous_4)
FN:92,(anonymous_5)
FN:104,(anonymous_6)
FN:117,(anonymous_7)
FN:121,(anonymous_8)
FN:141,(anonymous_9)
FN:179,(anonymous_10)
FN:199,(anonymous_11)
FN:264,(anonymous_12)
FN:287,(anonymous_13)
FN:295,(anonymous_14)
FN:335,(anonymous_15)
FNF:16
FNH:0
FNDA:0,(anonymous_0)
FNDA:0,(anonymous_1)
FNDA:0,(anonymous_2)
FNDA:0,(anonymous_3)
FNDA:0,(anonymous_4)
FNDA:0,(anonymous_5)
FNDA:0,(anonymous_6)
FNDA:0,(anonymous_7)
FNDA:0,(anonymous_8)
FNDA:0,(anonymous_9)
FNDA:0,(anonymous_10)
FNDA:0,(anonymous_11)
FNDA:0,(anonymous_12)
FNDA:0,(anonymous_13)
FNDA:0,(anonymous_14)
FNDA:0,(anonymous_15)
DA:4,0
DA:5,0
DA:8,0
DA:17,0
DA:22,0
DA:23,0
DA:34,0
DA:35,0
DA:44,0
DA:47,0
DA:48,0
DA:57,0
DA:61,0
DA:62,0
DA:66,0
DA:67,0
DA:79,0
DA:80,0
DA:83,0
DA:94,0
DA:95,0
DA:104,0
DA:107,0
DA:108,0
DA:117,0
DA:121,0
DA:123,0
DA:126,0
DA:129,0
DA:132,0
DA:143,0
DA:144,0
DA:153,0
DA:156,0
DA:157,0
DA:166,0
DA:170,0
DA:171,0
DA:172,0
DA:175,0
DA:178,0
DA:179,0
DA:182,0
DA:184,0
DA:185,0
DA:187,0
DA:190,0
DA:201,0
DA:202,0
DA:211,0
DA:215,0
DA:216,0
DA:217,0
DA:221,0
DA:222,0
DA:223,0
DA:225,0
DA:226,0
DA:227,0
DA:228,0
DA:230,0
DA:232,0
DA:244,0
DA:245,0
DA:250,0
DA:251,0
DA:253,0
DA:256,0
DA:266,0
DA:267,0
DA:276,0
DA:279,0
DA:288,0
DA:296,0
DA:298,0
DA:299,0
DA:308,0
DA:312,0
DA:313,0
DA:314,0
DA:318,0
DA:319,0
DA:322,0
DA:323,0
DA:326,0
DA:327,0
DA:336,0
DA:337,0
DA:346,0
DA:349,0
DA:350,0
DA:358,0
DA:363,0
DA:430,0
LF:94
LH:0
BRDA:21,0,0,0
BRDA:34,1,0,0
BRDA:34,2,0,0
BRDA:34,2,1,0
BRDA:47,3,0,0
BRDA:61,4,0,0
BRDA:66,5,0,0
BRDA:94,6,0,0
BRDA:94,7,0,0
BRDA:94,7,1,0
BRDA:107,8,0,0
BRDA:143,9,0,0
BRDA:143,10,0,0
BRDA:143,10,1,0
BRDA:156,11,0,0
BRDA:170,12,0,0
BRDA:184,13,0,0
BRDA:184,13,1,0
BRDA:201,14,0,0
BRDA:201,15,0,0
BRDA:201,15,1,0
BRDA:215,16,0,0
BRDA:215,17,0,0
BRDA:215,17,1,0
BRDA:244,18,0,0
BRDA:250,19,0,0
BRDA:250,19,1,0
BRDA:266,20,0,0
BRDA:266,21,0,0
BRDA:266,21,1,0
BRDA:279,22,0,0
BRDA:279,22,1,0
BRDA:296,23,0,0
BRDA:296,23,1,0
BRDA:298,24,0,0
BRDA:312,25,0,0
BRDA:336,26,0,0
BRDA:336,27,0,0
BRDA:336,27,1,0
BRDA:336,27,2,0
BRDA:349,28,0,0
BRDA:349,28,1,0
BRF:42
BRH:0
end_of_record
TN:
SF:scripts/utils/init.ts
FN:14,(anonymous_6)
FNF:1
FNH:0
FNDA:0,(anonymous_6)
DA:5,0
DA:6,0
DA:7,0
DA:8,0
DA:14,0
DA:16,0
DA:17,0
DA:19,0
DA:23,0
DA:26,0
DA:28,0
DA:30,0
DA:37,0
DA:44,0
LF:14
LH:0
BRDA:16,0,0,0
BRDA:16,0,1,0
BRDA:28,1,0,0
BRDA:38,2,0,0
BRDA:38,2,1,0
BRDA:40,3,0,0
BRDA:40,3,1,0
BRF:7
BRH:0
end_of_record
TN:
SF:scripts/utils/logger.ts
FN:7,(anonymous_0)
FN:36,(anonymous_1)
FN:44,(anonymous_2)
FN:51,(anonymous_3)
FN:108,(anonymous_4)
FN:117,(anonymous_5)
FN:126,(anonymous_6)
FN:135,(anonymous_7)
FN:144,(anonymous_8)
FN:152,(anonymous_9)
FN:161,(anonymous_10)
FN:172,(anonymous_11)
FN:186,(anonymous_12)
FNF:13
FNH:0
FNDA:0,(anonymous_0)
FNDA:0,(anonymous_1)
FNDA:0,(anonymous_2)
FNDA:0,(anonymous_3)
FNDA:0,(anonymous_4)
FNDA:0,(anonymous_5)
FNDA:0,(anonymous_6)
FNDA:0,(anonymous_7)
FNDA:0,(anonymous_8)
FNDA:0,(anonymous_9)
FNDA:0,(anonymous_10)
FNDA:0,(anonymous_11)
FNDA:0,(anonymous_12)
DA:7,0
DA:8,0
DA:9,0
DA:10,0
DA:11,0
DA:12,0
DA:16,0
DA:21,0
DA:22,0
DA:25,0
DA:36,0
DA:37,0
DA:44,0
DA:45,0
DA:51,0
DA:58,0
DA:59,0
DA:62,0
DA:63,0
DA:64,0
DA:66,0
DA:68,0
DA:73,0
DA:75,0
DA:80,0
DA:82,0
DA:87,0
DA:89,0
DA:94,0
DA:101,0
DA:109,0
DA:118,0
DA:127,0
DA:136,0
DA:145,0
DA:153,0
DA:154,0
DA:162,0
DA:163,0
DA:173,0
DA:174,0
DA:175,0
DA:176,0
DA:186,0
DA:187,0
DA:191,0
LF:46
LH:0
BRDA:7,0,0,0
BRDA:7,0,1,0
BRDA:16,1,0,0
BRDA:16,1,1,0
BRDA:58,2,0,0
BRDA:63,3,0,0
BRDA:63,3,1,0
BRDA:66,4,0,0
BRDA:66,4,1,0
BRDA:66,4,2,0
BRDA:66,4,3,0
BRDA:71,5,0,0
BRDA:71,5,1,0
BRDA:78,6,0,0
BRDA:78,6,1,0
BRDA:85,7,0,0
BRDA:85,7,1,0
BRDA:92,8,0,0
BRDA:92,8,1,0
BRDA:153,9,0,0
BRDA:153,10,0,0
BRDA:153,10,1,0
BRDA:162,11,0,0
BRDA:162,12,0,0
BRDA:162,12,1,0
BRDA:173,13,0,0
BRF:26
BRH:0
end_of_record
TN:
SF:scripts/utils/math.ts
FN:12,random
FN:22,randomInt
FN:33,clamp
FN:44,lerp
FN:56,angle
FN:68,distance
FN:87,distanceSquared
FN:106,pointOnCircle
FN:124,normalize
FN:142,toRadians
FN:151,toDegrees
FN:164,scale
FNF:12
FNH:0
FNDA:0,random
FNDA:0,randomInt
FNDA:0,clamp
FNDA:0,lerp
FNDA:0,angle
FNDA:0,distance
FNDA:0,distanceSquared
FNDA:0,pointOnCircle
FNDA:0,normalize
FNDA:0,toRadians
FNDA:0,toDegrees
FNDA:0,scale
DA:12,0
DA:13,0
DA:22,0
DA:23,0
DA:33,0
DA:34,0
DA:44,0
DA:45,0
DA:56,0
DA:57,0
DA:68,0
DA:74,0
DA:75,0
DA:76,0
DA:87,0
DA:93,0
DA:94,0
DA:95,0
DA:106,0
DA:112,0
DA:124,0
DA:125,0
DA:127,0
DA:128,0
DA:131,0
DA:142,0
DA:143,0
DA:151,0
DA:152,0
DA:164,0
DA:171,0
DA:175,0
DA:190,0
LF:33
LH:0
BRDA:127,0,0,0
BRF:1
BRH:0
end_of_record
TN:
SF:scripts/utils/object-pool.ts
FN:15,(anonymous_0)
FN:23,(anonymous_1)
FN:33,(anonymous_2)
FN:45,(anonymous_3)
FN:54,(anonymous_4)
FNF:5
FNH:0
FNDA:0,(anonymous_0)
FNDA:0,(anonymous_1)
FNDA:0,(anonymous_2)
FNDA:0,(anonymous_3)
FNDA:0,(anonymous_4)
DA:7,0
DA:8,0
DA:16,0
DA:24,0
DA:25,0
DA:34,0
DA:35,0
DA:36,0
DA:38,0
DA:46,0
DA:47,0
DA:55,0
LF:12
LH:0
BRDA:35,0,0,0
BRF:1
BRH:0
end_of_record
TN:
SF:scripts/utils/persistence.ts
FN:21,(anonymous_0)
FN:23,(anonymous_1)
FN:49,(anonymous_2)
FN:51,(anonymous_3)
FN:70,(anonymous_4)
FN:80,(anonymous_5)
FN:82,(anonymous_6)
FN:108,(anonymous_7)
FN:118,(anonymous_8)
FN:120,(anonymous_9)
FN:140,(anonymous_10)
FN:142,(anonymous_11)
FN:166,(anonymous_12)
FN:168,(anonymous_13)
FN:194,(anonymous_14)
FN:205,(anonymous_15)
FN:207,(anonymous_16)
FN:214,(anonymous_17)
FN:238,(anonymous_18)
FN:240,(anonymous_19)
FN:256,(anonymous_20)
FN:273,(anonymous_21)
FN:283,(anonymous_22)
FN:285,(anonymous_23)
FNF:24
FNH:0
FNDA:0,(anonymous_0)
FNDA:0,(anonymous_1)
FNDA:0,(anonymous_2)
FNDA:0,(anonymous_3)
FNDA:0,(anonymous_4)
FNDA:0,(anonymous_5)
FNDA:0,(anonymous_6)
FNDA:0,(anonymous_7)
FNDA:0,(anonymous_8)
FNDA:0,(anonymous_9)
FNDA:0,(anonymous_10)
FNDA:0,(anonymous_11)
FNDA:0,(anonymous_12)
FNDA:0,(anonymous_13)
FNDA:0,(anonymous_14)
FNDA:0,(anonymous_15)
FNDA:0,(anonymous_16)
FNDA:0,(anonymous_17)
FNDA:0,(anonymous_18)
FNDA:0,(anonymous_19)
FNDA:0,(anonymous_20)
FNDA:0,(anonymous_21)
FNDA:0,(anonymous_22)
FNDA:0,(anonymous_23)
DA:4,0
DA:5,0
DA:8,0
DA:11,0
DA:21,0
DA:22,0
DA:24,0
DA:25,0
DA:26,0
DA:27,0
DA:28,0
DA:49,0
DA:50,0
DA:53,0
DA:54,0
DA:57,0
DA:58,0
DA:59,0
DA:71,0
DA:80,0
DA:81,0
DA:83,0
DA:85,0
DA:86,0
DA:87,0
DA:90,0
DA:93,0
DA:94,0
DA:97,0
DA:98,0
DA:109,0
DA:118,0
DA:119,0
DA:121,0
DA:122,0
DA:123,0
DA:140,0
DA:141,0
DA:144,0
DA:145,0
DA:148,0
DA:149,0
DA:150,0
DA:166,0
DA:167,0
DA:169,0
DA:171,0
DA:172,0
DA:173,0
DA:176,0
DA:179,0
DA:180,0
DA:183,0
DA:184,0
DA:195,0
DA:205,0
DA:206,0
DA:209,0
DA:210,0
DA:214,0
DA:215,0
DA:216,0
DA:220,0
DA:221,0
DA:222,0
DA:238,0
DA:239,0
DA:241,0
DA:243,0
DA:244,0
DA:245,0
DA:248,0
DA:251,0
DA:252,0
DA:256,0
DA:257,0
DA:258,0
DA:262,0
DA:263,0
DA:274,0
DA:283,0
DA:284,0
DA:286,0
DA:287,0
DA:288,0
DA:301,0
LF:86
LH:0
BRDA:22,0,0,0
BRDA:22,0,1,0
BRDA:50,1,0,0
BRDA:50,1,1,0
BRDA:53,2,0,0
BRDA:53,3,0,0
BRDA:53,3,1,0
BRDA:81,4,0,0
BRDA:81,4,1,0
BRDA:85,5,0,0
BRDA:93,6,0,0
BRDA:93,7,0,0
BRDA:93,7,1,0
BRDA:119,8,0,0
BRDA:119,8,1,0
BRDA:141,9,0,0
BRDA:141,9,1,0
BRDA:144,10,0,0
BRDA:144,11,0,0
BRDA:144,11,1,0
BRDA:167,12,0,0
BRDA:167,12,1,0
BRDA:171,13,0,0
BRDA:179,14,0,0
BRDA:179,15,0,0
BRDA:179,15,1,0
BRDA:206,16,0,0
BRDA:206,16,1,0
BRDA:209,17,0,0
BRDA:215,18,0,0
BRDA:215,19,0,0
BRDA:215,19,1,0
BRDA:215,19,2,0
BRDA:239,20,0,0
BRDA:239,20,1,0
BRDA:243,21,0,0
BRDA:251,22,0,0
BRDA:257,23,0,0
BRDA:257,24,0,0
BRDA:257,24,1,0
BRDA:257,24,2,0
BRDA:284,25,0,0
BRDA:284,25,1,0
BRF:43
BRH:0
end_of_record
